2024-08-18 13:15:22 INFO  Hooks:23 - Opening driver...
2024-08-18 13:15:22 INFO  WebDriverManager:1217 - Using geckodriver 0.35.0 (resolved driver for Firefox 129)
2024-08-18 13:15:22 INFO  WebDriverManager:1270 - Exporting webdriver.gecko.driver as C:\Users\Aguka\.cache\selenium\geckodriver\win64\0.35.0\geckodriver.exe
2024-08-18 13:15:36 INFO  Hooks:31 - Closing WebDriver...
2024-08-18 13:15:37 INFO  Hooks:33 - WebDriver closed.
2024-08-18 13:20:29 INFO  Utils:112 - [TestNG] Running:
  C:\Users\Aguka\AppData\Local\JetBrains\IdeaIC2022.2\temp-testng-customsuite.xml

2024-08-18 13:20:30 INFO  Hooks:23 - Opening driver...
2024-08-18 13:20:30 INFO  WebDriverManager:1217 - Using geckodriver 0.35.0 (resolved driver for Firefox 129)
2024-08-18 13:20:30 INFO  WebDriverManager:1270 - Exporting webdriver.gecko.driver as C:\Users\Aguka\.cache\selenium\geckodriver\win64\0.35.0\geckodriver.exe
2024-08-18 13:20:33 INFO  LoginStepDefinitions:26 - Opening home page
2024-08-18 13:20:34 INFO  LoginStepDefinitions:57 - Filling input name
2024-08-18 13:20:34 INFO  LoginStepDefinitions:63 - Filling input password
2024-08-18 13:20:34 INFO  LoginStepDefinitions:70 - Cleaning input 'Name'
2024-08-18 13:20:34 INFO  LoginStepDefinitions:44 - Cleaning input 'Password'
2024-08-18 13:20:35 INFO  LoginStepDefinitions:32 - Pressing button 'Login'
2024-08-18 13:20:35 INFO  LoginStepDefinitions:26 - Opening home page
2024-08-18 13:20:35 INFO  LoginStepDefinitions:57 - Filling input name
2024-08-18 13:20:35 INFO  LoginStepDefinitions:63 - Filling input password
2024-08-18 13:20:35 INFO  LoginStepDefinitions:70 - Cleaning input 'Name'
2024-08-18 13:20:35 INFO  LoginStepDefinitions:44 - Cleaning input 'Password'
2024-08-18 13:20:36 INFO  LoginStepDefinitions:32 - Pressing button 'Login'
2024-08-18 13:20:36 INFO  LoginStepDefinitions:26 - Opening home page
2024-08-18 13:20:36 INFO  LoginStepDefinitions:57 - Filling input name
2024-08-18 13:20:36 INFO  LoginStepDefinitions:63 - Filling input password
2024-08-18 13:20:36 INFO  LoginStepDefinitions:44 - Cleaning input 'Password'
2024-08-18 13:20:36 INFO  LoginStepDefinitions:32 - Pressing button 'Login'
2024-08-18 13:20:37 INFO  LoginStepDefinitions:26 - Opening home page
2024-08-18 13:20:37 INFO  LoginStepDefinitions:57 - Filling input name
2024-08-18 13:20:37 INFO  LoginStepDefinitions:63 - Filling input password
2024-08-18 13:20:37 INFO  LoginStepDefinitions:44 - Cleaning input 'Password'
2024-08-18 13:20:37 INFO  LoginStepDefinitions:32 - Pressing button 'Login'
2024-08-18 13:20:37 INFO  LoginStepDefinitions:26 - Opening home page
2024-08-18 13:20:37 INFO  LoginStepDefinitions:57 - Filling input name
2024-08-18 13:20:37 INFO  LoginStepDefinitions:63 - Filling input password
2024-08-18 13:20:37 INFO  LoginStepDefinitions:32 - Pressing button 'Login'
2024-08-18 13:20:38 INFO  LoginStepDefinitions:26 - Opening home page
2024-08-18 13:20:38 INFO  LoginStepDefinitions:57 - Filling input name
2024-08-18 13:20:38 INFO  LoginStepDefinitions:63 - Filling input password
2024-08-18 13:20:38 INFO  LoginStepDefinitions:32 - Pressing button 'Login'
2024-08-18 13:20:43 INFO  LoginStepDefinitions:26 - Opening home page
2024-08-18 13:20:43 INFO  LoginStepDefinitions:57 - Filling input name
2024-08-18 13:20:43 INFO  LoginStepDefinitions:63 - Filling input password
2024-08-18 13:20:43 INFO  LoginStepDefinitions:32 - Pressing button 'Login'
2024-08-18 13:20:43 INFO  LoginStepDefinitions:26 - Opening home page
2024-08-18 13:20:44 INFO  LoginStepDefinitions:57 - Filling input name
2024-08-18 13:20:44 INFO  LoginStepDefinitions:63 - Filling input password
2024-08-18 13:20:44 INFO  LoginStepDefinitions:32 - Pressing button 'Login'
2024-08-18 13:20:44 INFO  Hooks:30 - Closing WebDriver...
2024-08-18 13:20:45 INFO  Hooks:32 - WebDriver closed.
2024-08-18 13:33:48 INFO  Utils:112 - [TestNG] Running:
  C:\Users\Aguka\AppData\Local\JetBrains\IdeaIC2022.2\temp-testng-customsuite.xml

2024-08-18 13:33:49 INFO  Hooks:23 - Opening driver...
2024-08-18 13:33:49 INFO  WebDriverManager:1217 - Using geckodriver 0.35.0 (resolved driver for Firefox 129)
2024-08-18 13:33:49 INFO  WebDriverManager:1270 - Exporting webdriver.gecko.driver as C:\Users\Aguka\.cache\selenium\geckodriver\win64\0.35.0\geckodriver.exe
2024-08-18 13:33:54 INFO  Hooks:31 - Closing WebDriver...
2024-08-18 13:33:55 INFO  Hooks:33 - WebDriver closed.
2024-08-18 13:33:55 INFO  Hooks:23 - Opening driver...
2024-08-18 13:33:55 INFO  Hooks:31 - Closing WebDriver...
2024-08-18 13:33:55 INFO  Hooks:33 - WebDriver closed.
2024-08-18 13:33:55 INFO  Hooks:23 - Opening driver...
2024-08-18 13:33:55 INFO  Hooks:31 - Closing WebDriver...
2024-08-18 13:33:55 INFO  Hooks:33 - WebDriver closed.
2024-08-18 13:33:55 INFO  Hooks:23 - Opening driver...
2024-08-18 13:33:55 INFO  Hooks:31 - Closing WebDriver...
2024-08-18 13:33:55 INFO  Hooks:33 - WebDriver closed.
2024-08-18 13:33:55 INFO  Hooks:23 - Opening driver...
2024-08-18 13:33:55 INFO  Hooks:31 - Closing WebDriver...
2024-08-18 13:33:55 INFO  Hooks:33 - WebDriver closed.
2024-08-18 13:33:55 INFO  Hooks:23 - Opening driver...
2024-08-18 13:33:55 INFO  Hooks:31 - Closing WebDriver...
2024-08-18 13:33:55 INFO  Hooks:33 - WebDriver closed.
2024-08-18 13:33:55 INFO  Hooks:23 - Opening driver...
2024-08-18 13:33:55 INFO  Hooks:31 - Closing WebDriver...
2024-08-18 13:33:55 INFO  Hooks:33 - WebDriver closed.
2024-08-18 13:33:55 INFO  Hooks:23 - Opening driver...
2024-08-18 13:33:55 INFO  Hooks:31 - Closing WebDriver...
2024-08-18 13:33:55 INFO  Hooks:33 - WebDriver closed.
2024-08-18 14:07:18 INFO  Utils:112 - [TestNG] Running:
  C:\Users\Aguka\AppData\Local\JetBrains\IdeaIC2022.2\temp-testng-customsuite.xml

2024-08-18 14:07:18 INFO  Hooks:23 - Opening driver...
2024-08-18 14:07:19 INFO  WebDriverManager:1217 - Using geckodriver 0.35.0 (resolved driver for Firefox 129)
2024-08-18 14:07:19 INFO  WebDriverManager:1270 - Exporting webdriver.gecko.driver as C:\Users\Aguka\.cache\selenium\geckodriver\win64\0.35.0\geckodriver.exe
2024-08-18 14:07:24 INFO  Hooks:31 - Closing WebDriver...
2024-08-18 14:07:25 INFO  Hooks:33 - WebDriver closed.
2024-08-18 14:07:25 INFO  Hooks:23 - Opening driver...
2024-08-18 14:07:25 INFO  Hooks:31 - Closing WebDriver...
2024-08-18 14:07:25 INFO  Hooks:33 - WebDriver closed.
2024-08-18 14:07:25 INFO  Hooks:23 - Opening driver...
2024-08-18 14:07:25 INFO  Hooks:31 - Closing WebDriver...
2024-08-18 14:07:25 INFO  Hooks:33 - WebDriver closed.
2024-08-18 14:07:25 INFO  Hooks:23 - Opening driver...
2024-08-18 14:07:25 INFO  Hooks:31 - Closing WebDriver...
2024-08-18 14:07:25 INFO  Hooks:33 - WebDriver closed.
2024-08-18 14:07:25 INFO  Hooks:23 - Opening driver...
2024-08-18 14:07:25 INFO  Hooks:31 - Closing WebDriver...
2024-08-18 14:07:25 INFO  Hooks:33 - WebDriver closed.
2024-08-18 14:07:25 INFO  Hooks:23 - Opening driver...
2024-08-18 14:07:25 INFO  Hooks:31 - Closing WebDriver...
2024-08-18 14:07:25 INFO  Hooks:33 - WebDriver closed.
2024-08-18 14:07:25 INFO  Hooks:23 - Opening driver...
2024-08-18 14:07:25 INFO  Hooks:31 - Closing WebDriver...
2024-08-18 14:07:25 INFO  Hooks:33 - WebDriver closed.
2024-08-18 14:07:25 INFO  Hooks:23 - Opening driver...
2024-08-18 14:07:25 INFO  Hooks:31 - Closing WebDriver...
2024-08-18 14:07:25 INFO  Hooks:33 - WebDriver closed.
2024-08-18 14:09:11 INFO  Utils:112 - [TestNG] Running:
  C:\Users\Aguka\AppData\Local\JetBrains\IdeaIC2022.2\temp-testng-customsuite.xml

2024-08-18 14:09:12 INFO  Hooks:23 - Opening driver...
2024-08-18 14:09:12 INFO  WebDriverManager:1217 - Using geckodriver 0.35.0 (resolved driver for Firefox 129)
2024-08-18 14:09:12 INFO  WebDriverManager:1270 - Exporting webdriver.gecko.driver as C:\Users\Aguka\.cache\selenium\geckodriver\win64\0.35.0\geckodriver.exe
2024-08-18 14:09:17 INFO  LoginStepDefinitions:28 - Opening home page
2024-08-18 14:09:17 INFO  LoginStepDefinitions:58 - Filling input 'Name'
2024-08-18 14:09:17 INFO  Hooks:31 - Closing WebDriver...
2024-08-18 14:09:18 INFO  Hooks:33 - WebDriver closed.
2024-08-18 14:09:18 INFO  Hooks:23 - Opening driver...
2024-08-18 14:09:18 INFO  Hooks:31 - Closing WebDriver...
2024-08-18 14:09:18 INFO  Hooks:33 - WebDriver closed.
2024-08-18 14:09:18 INFO  Hooks:23 - Opening driver...
2024-08-18 14:09:18 INFO  Hooks:31 - Closing WebDriver...
2024-08-18 14:09:18 INFO  Hooks:33 - WebDriver closed.
2024-08-18 14:09:18 INFO  Hooks:23 - Opening driver...
2024-08-18 14:09:18 INFO  Hooks:31 - Closing WebDriver...
2024-08-18 14:09:18 INFO  Hooks:33 - WebDriver closed.
2024-08-18 14:09:18 INFO  Hooks:23 - Opening driver...
2024-08-18 14:09:18 INFO  Hooks:31 - Closing WebDriver...
2024-08-18 14:09:18 INFO  Hooks:33 - WebDriver closed.
2024-08-18 14:09:18 INFO  Hooks:23 - Opening driver...
2024-08-18 14:09:18 INFO  Hooks:31 - Closing WebDriver...
2024-08-18 14:09:18 INFO  Hooks:33 - WebDriver closed.
2024-08-18 14:09:18 INFO  Hooks:23 - Opening driver...
2024-08-18 14:09:18 INFO  Hooks:31 - Closing WebDriver...
2024-08-18 14:09:18 INFO  Hooks:33 - WebDriver closed.
2024-08-18 14:09:18 INFO  Hooks:23 - Opening driver...
2024-08-18 14:09:18 INFO  Hooks:31 - Closing WebDriver...
2024-08-18 14:09:18 INFO  Hooks:33 - WebDriver closed.
2024-08-18 14:11:57 INFO  Utils:112 - [TestNG] Running:
  C:\Users\Aguka\AppData\Local\JetBrains\IdeaIC2022.2\temp-testng-customsuite.xml

2024-08-18 14:11:57 INFO  Hooks:23 - Opening driver...
2024-08-18 14:11:58 INFO  WebDriverManager:1217 - Using geckodriver 0.35.0 (resolved driver for Firefox 129)
2024-08-18 14:11:58 INFO  WebDriverManager:1270 - Exporting webdriver.gecko.driver as C:\Users\Aguka\.cache\selenium\geckodriver\win64\0.35.0\geckodriver.exe
2024-08-18 14:12:02 INFO  LoginStepDefinitions:28 - Opening home page
2024-08-18 14:12:02 INFO  LoginStepDefinitions:58 - Filling input 'Name'
2024-08-18 14:12:02 INFO  Hooks:31 - Closing WebDriver...
2024-08-18 14:12:03 INFO  Hooks:33 - WebDriver closed.
2024-08-18 14:12:03 INFO  Hooks:23 - Opening driver...
2024-08-18 14:12:03 INFO  Hooks:31 - Closing WebDriver...
2024-08-18 14:12:03 INFO  Hooks:33 - WebDriver closed.
2024-08-18 14:12:03 INFO  Hooks:23 - Opening driver...
2024-08-18 14:12:03 INFO  Hooks:31 - Closing WebDriver...
2024-08-18 14:12:03 INFO  Hooks:33 - WebDriver closed.
2024-08-18 14:12:03 INFO  Hooks:23 - Opening driver...
2024-08-18 14:12:03 INFO  Hooks:31 - Closing WebDriver...
2024-08-18 14:12:03 INFO  Hooks:33 - WebDriver closed.
2024-08-18 14:12:03 INFO  Hooks:23 - Opening driver...
2024-08-18 14:12:03 INFO  Hooks:31 - Closing WebDriver...
2024-08-18 14:12:03 INFO  Hooks:33 - WebDriver closed.
2024-08-18 14:12:03 INFO  Hooks:23 - Opening driver...
2024-08-18 14:12:03 INFO  Hooks:31 - Closing WebDriver...
2024-08-18 14:12:03 INFO  Hooks:33 - WebDriver closed.
2024-08-18 14:12:03 INFO  Hooks:23 - Opening driver...
2024-08-18 14:12:03 INFO  Hooks:31 - Closing WebDriver...
2024-08-18 14:12:03 INFO  Hooks:33 - WebDriver closed.
2024-08-18 14:12:03 INFO  Hooks:23 - Opening driver...
2024-08-18 14:12:03 INFO  Hooks:31 - Closing WebDriver...
2024-08-18 14:12:03 INFO  Hooks:33 - WebDriver closed.
2024-08-18 14:12:38 INFO  Utils:112 - [TestNG] Running:
  C:\Users\Aguka\AppData\Local\JetBrains\IdeaIC2022.2\temp-testng-customsuite.xml

2024-08-18 14:12:38 INFO  Hooks:23 - Opening driver...
2024-08-18 14:12:39 INFO  WebDriverManager:1217 - Using geckodriver 0.35.0 (resolved driver for Firefox 129)
2024-08-18 14:12:39 INFO  WebDriverManager:1270 - Exporting webdriver.gecko.driver as C:\Users\Aguka\.cache\selenium\geckodriver\win64\0.35.0\geckodriver.exe
2024-08-18 14:12:42 INFO  LoginStepDefinitions:24 - Opening home page
2024-08-18 14:12:42 INFO  LoginStepDefinitions:54 - Filling input 'Name'
2024-08-18 14:12:42 INFO  Hooks:31 - Closing WebDriver...
2024-08-18 14:12:43 INFO  Hooks:33 - WebDriver closed.
2024-08-18 14:12:43 INFO  Hooks:23 - Opening driver...
2024-08-18 14:12:43 INFO  Hooks:31 - Closing WebDriver...
2024-08-18 14:12:43 INFO  Hooks:33 - WebDriver closed.
2024-08-18 14:12:43 INFO  Hooks:23 - Opening driver...
2024-08-18 14:12:43 INFO  Hooks:31 - Closing WebDriver...
2024-08-18 14:12:43 INFO  Hooks:33 - WebDriver closed.
2024-08-18 14:12:43 INFO  Hooks:23 - Opening driver...
2024-08-18 14:12:43 INFO  Hooks:31 - Closing WebDriver...
2024-08-18 14:12:43 INFO  Hooks:33 - WebDriver closed.
2024-08-18 14:12:43 INFO  Hooks:23 - Opening driver...
2024-08-18 14:12:43 INFO  Hooks:31 - Closing WebDriver...
2024-08-18 14:12:43 INFO  Hooks:33 - WebDriver closed.
2024-08-18 14:12:43 INFO  Hooks:23 - Opening driver...
2024-08-18 14:12:43 INFO  Hooks:31 - Closing WebDriver...
2024-08-18 14:12:43 INFO  Hooks:33 - WebDriver closed.
2024-08-18 14:12:43 INFO  Hooks:23 - Opening driver...
2024-08-18 14:12:43 INFO  Hooks:31 - Closing WebDriver...
2024-08-18 14:12:43 INFO  Hooks:33 - WebDriver closed.
2024-08-18 14:12:43 INFO  Hooks:23 - Opening driver...
2024-08-18 14:12:43 INFO  Hooks:31 - Closing WebDriver...
2024-08-18 14:12:43 INFO  Hooks:33 - WebDriver closed.
2024-08-18 14:16:04 INFO  Utils:112 - [TestNG] Running:
  C:\Users\Aguka\AppData\Local\JetBrains\IdeaIC2022.2\temp-testng-customsuite.xml

2024-08-18 14:16:04 INFO  Hooks:23 - Opening driver...
2024-08-18 14:16:04 INFO  WebDriverManager:1217 - Using geckodriver 0.35.0 (resolved driver for Firefox 129)
2024-08-18 14:16:04 INFO  WebDriverManager:1270 - Exporting webdriver.gecko.driver as C:\Users\Aguka\.cache\selenium\geckodriver\win64\0.35.0\geckodriver.exe
2024-08-18 14:16:08 INFO  LoginStepDefinitions:24 - Opening home page
2024-08-18 14:16:08 INFO  LoginStepDefinitions:54 - Filling input 'Name'
2024-08-18 14:16:08 INFO  LoginStepDefinitions:60 - Filling input 'Password'
2024-08-18 14:16:08 INFO  LoginStepDefinitions:66 - Clearing input 'Name'
2024-08-18 14:16:09 INFO  LoginStepDefinitions:42 - Clearing input 'Password'
2024-08-18 14:16:09 INFO  LoginStepDefinitions:30 - Pressing button 'Login'
2024-08-18 14:16:09 INFO  Hooks:31 - Closing WebDriver...
2024-08-18 14:16:10 INFO  Hooks:33 - WebDriver closed.
2024-08-18 14:16:10 INFO  Hooks:23 - Opening driver...
2024-08-18 14:16:10 INFO  Hooks:31 - Closing WebDriver...
2024-08-18 14:16:10 INFO  Hooks:33 - WebDriver closed.
2024-08-18 14:16:10 INFO  Hooks:23 - Opening driver...
2024-08-18 14:16:10 INFO  Hooks:31 - Closing WebDriver...
2024-08-18 14:16:10 INFO  Hooks:33 - WebDriver closed.
2024-08-18 14:16:10 INFO  Hooks:23 - Opening driver...
2024-08-18 14:16:10 INFO  Hooks:31 - Closing WebDriver...
2024-08-18 14:16:10 INFO  Hooks:33 - WebDriver closed.
2024-08-18 14:16:10 INFO  Hooks:23 - Opening driver...
2024-08-18 14:16:10 INFO  Hooks:31 - Closing WebDriver...
2024-08-18 14:16:10 INFO  Hooks:33 - WebDriver closed.
2024-08-18 14:16:10 INFO  Hooks:23 - Opening driver...
2024-08-18 14:16:10 INFO  Hooks:31 - Closing WebDriver...
2024-08-18 14:16:10 INFO  Hooks:33 - WebDriver closed.
2024-08-18 14:16:10 INFO  Hooks:23 - Opening driver...
2024-08-18 14:16:10 INFO  Hooks:31 - Closing WebDriver...
2024-08-18 14:16:10 INFO  Hooks:33 - WebDriver closed.
2024-08-18 14:16:10 INFO  Hooks:23 - Opening driver...
2024-08-18 14:16:10 INFO  Hooks:31 - Closing WebDriver...
2024-08-18 14:16:10 INFO  Hooks:33 - WebDriver closed.
2024-08-18 14:23:32 INFO  Hooks:23 - Opening driver...
2024-08-18 14:23:32 INFO  Hooks:23 - Opening driver...
2024-08-18 14:23:32 INFO  Hooks:23 - Opening driver...
2024-08-18 14:23:32 INFO  Hooks:23 - Opening driver...
2024-08-18 14:23:32 INFO  Hooks:23 - Opening driver...
2024-08-18 14:23:32 INFO  Hooks:23 - Opening driver...
2024-08-18 14:23:32 INFO  Hooks:23 - Opening driver...
2024-08-18 14:23:32 INFO  Hooks:23 - Opening driver...
2024-08-18 14:23:32 INFO  WebDriverManager:1217 - Using geckodriver 0.35.0 (resolved driver for Firefox 129)
2024-08-18 14:23:32 INFO  WebDriverManager:1217 - Using geckodriver 0.35.0 (resolved driver for Firefox 129)
2024-08-18 14:23:32 INFO  WebDriverManager:1217 - Using geckodriver 0.35.0 (resolved driver for Firefox 129)
2024-08-18 14:23:32 INFO  WebDriverManager:1217 - Using geckodriver 0.35.0 (resolved driver for Firefox 129)
2024-08-18 14:23:32 INFO  WebDriverManager:1217 - Using geckodriver 0.35.0 (resolved driver for Firefox 129)
2024-08-18 14:23:32 INFO  WebDriverManager:1217 - Using geckodriver 0.35.0 (resolved driver for Firefox 129)
2024-08-18 14:23:32 INFO  WebDriverManager:1217 - Using geckodriver 0.35.0 (resolved driver for Firefox 129)
2024-08-18 14:23:32 INFO  WebDriverManager:1217 - Using geckodriver 0.35.0 (resolved driver for Firefox 129)
2024-08-18 14:23:32 INFO  WebDriverManager:1270 - Exporting webdriver.gecko.driver as C:\Users\Aguka\.cache\selenium\geckodriver\win64\0.35.0\geckodriver.exe
2024-08-18 14:23:32 INFO  WebDriverManager:1270 - Exporting webdriver.gecko.driver as C:\Users\Aguka\.cache\selenium\geckodriver\win64\0.35.0\geckodriver.exe
2024-08-18 14:23:32 INFO  WebDriverManager:1270 - Exporting webdriver.gecko.driver as C:\Users\Aguka\.cache\selenium\geckodriver\win64\0.35.0\geckodriver.exe
2024-08-18 14:23:32 INFO  WebDriverManager:1270 - Exporting webdriver.gecko.driver as C:\Users\Aguka\.cache\selenium\geckodriver\win64\0.35.0\geckodriver.exe
2024-08-18 14:23:32 INFO  WebDriverManager:1270 - Exporting webdriver.gecko.driver as C:\Users\Aguka\.cache\selenium\geckodriver\win64\0.35.0\geckodriver.exe
2024-08-18 14:23:32 INFO  WebDriverManager:1270 - Exporting webdriver.gecko.driver as C:\Users\Aguka\.cache\selenium\geckodriver\win64\0.35.0\geckodriver.exe
2024-08-18 14:23:32 INFO  WebDriverManager:1270 - Exporting webdriver.gecko.driver as C:\Users\Aguka\.cache\selenium\geckodriver\win64\0.35.0\geckodriver.exe
2024-08-18 14:23:32 INFO  WebDriverManager:1270 - Exporting webdriver.gecko.driver as C:\Users\Aguka\.cache\selenium\geckodriver\win64\0.35.0\geckodriver.exe
2024-08-18 14:23:53 INFO  LoginStepDefinitions:24 - Opening home page
2024-08-18 14:23:53 INFO  LoginStepDefinitions:24 - Opening home page
2024-08-18 14:23:53 INFO  LoginStepDefinitions:24 - Opening home page
2024-08-18 14:23:53 INFO  LoginStepDefinitions:24 - Opening home page
2024-08-18 14:23:53 INFO  LoginStepDefinitions:24 - Opening home page
2024-08-18 14:23:53 INFO  LoginStepDefinitions:24 - Opening home page
2024-08-18 14:23:54 INFO  LoginStepDefinitions:24 - Opening home page
2024-08-18 14:23:54 INFO  LoginStepDefinitions:54 - Filling input 'Name'
2024-08-18 14:23:54 INFO  LoginStepDefinitions:54 - Filling input 'Name'
2024-08-18 14:23:54 INFO  LoginStepDefinitions:24 - Opening home page
2024-08-18 14:23:54 INFO  LoginStepDefinitions:54 - Filling input 'Name'
2024-08-18 14:23:54 INFO  LoginStepDefinitions:54 - Filling input 'Name'
2024-08-18 14:23:54 INFO  LoginStepDefinitions:54 - Filling input 'Name'
2024-08-18 14:23:54 INFO  LoginStepDefinitions:54 - Filling input 'Name'
2024-08-18 14:23:54 INFO  LoginStepDefinitions:54 - Filling input 'Name'
2024-08-18 14:23:55 INFO  LoginStepDefinitions:54 - Filling input 'Name'
2024-08-18 14:23:55 INFO  LoginStepDefinitions:60 - Filling input 'Password'
2024-08-18 14:23:55 INFO  LoginStepDefinitions:60 - Filling input 'Password'
2024-08-18 14:23:55 INFO  LoginStepDefinitions:60 - Filling input 'Password'
2024-08-18 14:23:55 INFO  LoginStepDefinitions:60 - Filling input 'Password'
2024-08-18 14:23:55 INFO  LoginStepDefinitions:60 - Filling input 'Password'
2024-08-18 14:23:55 INFO  LoginStepDefinitions:30 - Pressing button 'Login'
2024-08-18 14:23:55 INFO  LoginStepDefinitions:60 - Filling input 'Password'
2024-08-18 14:23:55 INFO  LoginStepDefinitions:60 - Filling input 'Password'
2024-08-18 14:23:55 INFO  LoginStepDefinitions:42 - Clearing input 'Password'
2024-08-18 14:23:55 INFO  LoginStepDefinitions:66 - Clearing input 'Name'
2024-08-18 14:23:55 INFO  LoginStepDefinitions:60 - Filling input 'Password'
2024-08-18 14:23:55 INFO  LoginStepDefinitions:30 - Pressing button 'Login'
2024-08-18 14:23:56 INFO  LoginStepDefinitions:66 - Clearing input 'Name'
2024-08-18 14:23:56 INFO  LoginStepDefinitions:30 - Pressing button 'Login'
2024-08-18 14:23:57 INFO  LoginStepDefinitions:42 - Clearing input 'Password'
2024-08-18 14:23:57 INFO  LoginStepDefinitions:30 - Pressing button 'Login'
2024-08-18 14:23:57 INFO  Hooks:31 - Closing WebDriver...
2024-08-18 14:23:57 INFO  Hooks:31 - Closing WebDriver...
2024-08-18 14:23:59 INFO  Hooks:31 - Closing WebDriver...
2024-08-18 14:24:00 INFO  LoginStepDefinitions:30 - Pressing button 'Login'
2024-08-18 14:24:00 INFO  Hooks:31 - Closing WebDriver...
2024-08-18 14:24:00 INFO  LoginStepDefinitions:42 - Clearing input 'Password'
2024-08-18 14:24:00 INFO  LoginStepDefinitions:42 - Clearing input 'Password'
2024-08-18 14:24:00 INFO  LoginStepDefinitions:30 - Pressing button 'Login'
2024-08-18 14:24:01 INFO  LoginStepDefinitions:30 - Pressing button 'Login'
2024-08-18 14:24:01 INFO  LoginStepDefinitions:30 - Pressing button 'Login'
2024-08-18 14:24:03 INFO  Hooks:31 - Closing WebDriver...
2024-08-18 14:24:03 INFO  Hooks:31 - Closing WebDriver...
2024-08-18 14:24:03 INFO  Hooks:31 - Closing WebDriver...
2024-08-18 14:24:03 INFO  Hooks:31 - Closing WebDriver...
2024-08-18 14:24:14 INFO  Hooks:33 - WebDriver closed.
2024-08-18 14:24:14 ERROR Main:165 - E:\sam\finalTask\target\surefire-reports\jquery-3.6.0.min.js
java.nio.file.FileAlreadyExistsException: E:\sam\finalTask\target\surefire-reports\jquery-3.6.0.min.js
	at java.base/sun.nio.fs.WindowsException.translateToIOException(WindowsException.java:87) ~[?:?]
	at java.base/sun.nio.fs.WindowsException.rethrowAsIOException(WindowsException.java:103) ~[?:?]
	at java.base/sun.nio.fs.WindowsException.rethrowAsIOException(WindowsException.java:108) ~[?:?]
	at java.base/sun.nio.fs.WindowsFileSystemProvider.newByteChannel(WindowsFileSystemProvider.java:236) ~[?:?]
	at java.base/java.nio.file.spi.FileSystemProvider.newOutputStream(FileSystemProvider.java:484) ~[?:?]
	at java.base/java.nio.file.Files.newOutputStream(Files.java:228) ~[?:?]
	at java.base/java.nio.file.Files.copy(Files.java:3160) ~[?:?]
	at org.testng.reporters.jq.Main.generateReport(Main.java:95) [testng-7.6.1.jar:7.6.1]
	at org.testng.TestNG.generateReports(TestNG.java:1134) [testng-7.6.1.jar:7.6.1]
	at org.testng.TestNG.run(TestNG.java:1072) [testng-7.6.1.jar:7.6.1]
	at org.apache.maven.surefire.testng.TestNGExecutor.run(TestNGExecutor.java:324) [surefire-testng-3.0.0-M7.jar:3.0.0-M7]
	at org.apache.maven.surefire.testng.TestNGXmlTestSuite.execute(TestNGXmlTestSuite.java:74) [surefire-testng-3.0.0-M7.jar:3.0.0-M7]
	at org.apache.maven.surefire.testng.TestNGProvider.invoke(TestNGProvider.java:123) [surefire-testng-3.0.0-M7.jar:3.0.0-M7]
	at org.apache.maven.surefire.booter.ForkedBooter.runSuitesInProcess(ForkedBooter.java:456) [surefire-booter-3.0.0-M7.jar:3.0.0-M7]
	at org.apache.maven.surefire.booter.ForkedBooter.execute(ForkedBooter.java:169) [surefire-booter-3.0.0-M7.jar:3.0.0-M7]
	at org.apache.maven.surefire.booter.ForkedBooter.run(ForkedBooter.java:595) [surefire-booter-3.0.0-M7.jar:3.0.0-M7]
	at org.apache.maven.surefire.booter.ForkedBooter.main(ForkedBooter.java:581) [surefire-booter-3.0.0-M7.jar:3.0.0-M7]
2024-08-18 14:25:10 INFO  LoginStepDefinitions:24 - Opening home page
2024-08-18 14:25:10 INFO  WebDriverManager:1217 - Using geckodriver 0.35.0 (resolved driver for Firefox 129)
2024-08-18 14:25:10 INFO  WebDriverManager:1270 - Exporting webdriver.gecko.driver as C:\Users\Aguka\.cache\selenium\geckodriver\win64\0.35.0\geckodriver.exe
2024-08-18 14:25:14 INFO  LoginStepDefinitions:54 - Filling input 'Name'
2024-08-18 14:25:14 INFO  LoginStepDefinitions:24 - Opening home page
2024-08-18 14:25:14 INFO  LoginStepDefinitions:54 - Filling input 'Name'
2024-08-18 14:25:14 INFO  LoginStepDefinitions:24 - Opening home page
2024-08-18 14:25:15 INFO  LoginStepDefinitions:54 - Filling input 'Name'
2024-08-18 14:25:15 INFO  LoginStepDefinitions:24 - Opening home page
2024-08-18 14:25:15 INFO  LoginStepDefinitions:54 - Filling input 'Name'
2024-08-18 14:26:15 INFO  LoginStepDefinitions:24 - Opening home page
2024-08-18 14:26:15 INFO  WebDriverManager:1217 - Using geckodriver 0.35.0 (resolved driver for Firefox 129)
2024-08-18 14:26:15 INFO  WebDriverManager:1270 - Exporting webdriver.gecko.driver as C:\Users\Aguka\.cache\selenium\geckodriver\win64\0.35.0\geckodriver.exe
2024-08-18 14:26:20 INFO  LoginStepDefinitions:54 - Filling input 'Name'
2024-08-18 14:26:20 INFO  LoginStepDefinitions:24 - Opening home page
2024-08-18 14:26:20 INFO  LoginStepDefinitions:54 - Filling input 'Name'
2024-08-18 14:26:20 INFO  LoginStepDefinitions:24 - Opening home page
2024-08-18 14:26:20 INFO  LoginStepDefinitions:54 - Filling input 'Name'
2024-08-18 14:26:20 INFO  LoginStepDefinitions:24 - Opening home page
2024-08-18 14:26:20 INFO  LoginStepDefinitions:54 - Filling input 'Name'
2024-08-18 14:27:05 INFO  LoginStepDefinitions:24 - Opening home page
2024-08-18 14:27:05 INFO  WebDriverManager:1217 - Using geckodriver 0.35.0 (resolved driver for Firefox 129)
2024-08-18 14:27:05 INFO  WebDriverManager:1270 - Exporting webdriver.gecko.driver as C:\Users\Aguka\.cache\selenium\geckodriver\win64\0.35.0\geckodriver.exe
2024-08-18 14:27:09 INFO  LoginStepDefinitions:54 - Filling input 'Name'
2024-08-18 14:27:09 INFO  LoginStepDefinitions:24 - Opening home page
2024-08-18 14:27:09 INFO  LoginStepDefinitions:54 - Filling input 'Name'
2024-08-18 16:20:34 INFO  LoginStepDefinitions:21 - Opening home page
2024-08-18 16:20:34 INFO  WebDriverManager:1217 - Using geckodriver 0.35.0 (resolved driver for Firefox 129)
2024-08-18 16:20:34 INFO  WebDriverManager:1270 - Exporting webdriver.gecko.driver as C:\Users\Aguka\.cache\selenium\geckodriver\win64\0.35.0\geckodriver.exe
2024-08-18 16:20:39 INFO  LoginStepDefinitions:51 - Filling input 'Name'
2024-08-18 16:20:39 INFO  LoginStepDefinitions:21 - Opening home page
2024-08-18 16:20:40 INFO  LoginStepDefinitions:51 - Filling input 'Name'
2024-08-18 16:24:24 INFO  LoginStepDefinitions:21 - Opening home page
2024-08-18 16:24:26 INFO  LoginStepDefinitions:21 - Opening home page
2024-08-18 16:24:27 INFO  WebDriverManager:1217 - Using geckodriver 0.35.0 (resolved driver for Firefox 129)
2024-08-18 16:24:27 INFO  WebDriverManager:1270 - Exporting webdriver.gecko.driver as C:\Users\Aguka\.cache\selenium\geckodriver\win64\0.35.0\geckodriver.exe
2024-08-18 16:24:31 INFO  LoginStepDefinitions:51 - Filling input 'Name'
2024-08-18 16:24:31 INFO  LoginStepDefinitions:21 - Opening home page
2024-08-18 16:24:31 INFO  LoginStepDefinitions:51 - Filling input 'Name'
2024-08-18 16:38:31 INFO  Hooks:24 - Opening driver...
2024-08-18 16:38:32 INFO  WebDriverManager:1217 - Using geckodriver 0.35.0 (resolved driver for Firefox 129)
2024-08-18 16:38:32 INFO  WebDriverManager:1270 - Exporting webdriver.gecko.driver as C:\Users\Aguka\.cache\selenium\geckodriver\win64\0.35.0\geckodriver.exe
2024-08-18 16:38:35 INFO  LoginStepDefinitions:21 - Opening home page
2024-08-18 16:38:36 INFO  LoginStepDefinitions:51 - Filling input 'Name'
2024-08-18 16:38:36 INFO  LoginStepDefinitions:57 - Filling input 'Password'
2024-08-18 16:38:36 INFO  LoginStepDefinitions:63 - Clearing input 'Name'
2024-08-18 16:38:36 INFO  LoginStepDefinitions:39 - Clearing input 'Password'
2024-08-18 16:38:36 INFO  LoginStepDefinitions:27 - Pressing button 'Login'
2024-08-18 16:38:37 INFO  Hooks:32 - Closing WebDriver...
2024-08-18 16:38:37 INFO  Hooks:34 - WebDriver closed.
2024-08-18 16:38:37 INFO  Hooks:24 - Opening driver...
2024-08-18 16:38:37 INFO  LoginStepDefinitions:21 - Opening home page
2024-08-18 16:38:37 INFO  Hooks:32 - Closing WebDriver...
2024-08-18 16:38:37 INFO  Hooks:34 - WebDriver closed.
2024-08-18 16:38:37 INFO  Hooks:24 - Opening driver...
2024-08-18 16:38:37 INFO  LoginStepDefinitions:21 - Opening home page
2024-08-18 16:38:37 INFO  Hooks:32 - Closing WebDriver...
2024-08-18 16:38:37 INFO  Hooks:34 - WebDriver closed.
2024-08-18 16:38:37 INFO  Hooks:24 - Opening driver...
2024-08-18 16:38:37 INFO  LoginStepDefinitions:21 - Opening home page
2024-08-18 16:38:37 INFO  Hooks:32 - Closing WebDriver...
2024-08-18 16:38:37 INFO  Hooks:34 - WebDriver closed.
2024-08-18 16:38:37 INFO  Hooks:24 - Opening driver...
2024-08-18 16:38:37 INFO  LoginStepDefinitions:21 - Opening home page
2024-08-18 16:38:37 INFO  Hooks:32 - Closing WebDriver...
2024-08-18 16:38:37 INFO  Hooks:34 - WebDriver closed.
2024-08-18 16:38:37 INFO  Hooks:24 - Opening driver...
2024-08-18 16:38:37 INFO  LoginStepDefinitions:21 - Opening home page
2024-08-18 16:38:37 INFO  Hooks:32 - Closing WebDriver...
2024-08-18 16:38:37 INFO  Hooks:34 - WebDriver closed.
2024-08-18 16:38:37 INFO  Hooks:24 - Opening driver...
2024-08-18 16:38:37 INFO  LoginStepDefinitions:21 - Opening home page
2024-08-18 16:38:37 INFO  Hooks:32 - Closing WebDriver...
2024-08-18 16:38:37 INFO  Hooks:34 - WebDriver closed.
2024-08-18 16:38:37 INFO  Hooks:24 - Opening driver...
2024-08-18 16:38:37 INFO  LoginStepDefinitions:21 - Opening home page
2024-08-18 16:38:37 INFO  Hooks:32 - Closing WebDriver...
2024-08-18 16:38:37 INFO  Hooks:34 - WebDriver closed.
2024-08-18 16:40:04 INFO  Hooks:24 - Opening driver...
2024-08-18 16:40:04 INFO  WebDriverManager:1217 - Using geckodriver 0.35.0 (resolved driver for Firefox 129)
2024-08-18 16:40:04 INFO  WebDriverManager:1270 - Exporting webdriver.gecko.driver as C:\Users\Aguka\.cache\selenium\geckodriver\win64\0.35.0\geckodriver.exe
2024-08-18 16:40:07 INFO  LoginStepDefinitions:21 - Opening home page
2024-08-18 16:40:08 INFO  LoginStepDefinitions:51 - Filling input 'Name'
2024-08-18 16:40:08 INFO  LoginStepDefinitions:57 - Filling input 'Password'
2024-08-18 16:40:08 INFO  LoginStepDefinitions:63 - Clearing input 'Name'
2024-08-18 16:40:08 INFO  LoginStepDefinitions:39 - Clearing input 'Password'
2024-08-18 16:40:09 INFO  LoginStepDefinitions:27 - Pressing button 'Login'
2024-08-18 16:40:09 INFO  LoginStepDefinitions:21 - Opening home page
2024-08-18 16:40:09 INFO  LoginStepDefinitions:51 - Filling input 'Name'
2024-08-18 16:40:09 INFO  LoginStepDefinitions:57 - Filling input 'Password'
2024-08-18 16:40:09 INFO  LoginStepDefinitions:63 - Clearing input 'Name'
2024-08-18 16:40:09 INFO  LoginStepDefinitions:39 - Clearing input 'Password'
2024-08-18 16:40:09 INFO  LoginStepDefinitions:27 - Pressing button 'Login'
2024-08-18 16:40:10 INFO  LoginStepDefinitions:21 - Opening home page
2024-08-18 16:40:10 INFO  LoginStepDefinitions:51 - Filling input 'Name'
2024-08-18 16:40:10 INFO  LoginStepDefinitions:57 - Filling input 'Password'
2024-08-18 16:40:10 INFO  LoginStepDefinitions:39 - Clearing input 'Password'
2024-08-18 16:40:10 INFO  LoginStepDefinitions:27 - Pressing button 'Login'
2024-08-18 16:40:10 INFO  LoginStepDefinitions:21 - Opening home page
2024-08-18 16:40:10 INFO  LoginStepDefinitions:51 - Filling input 'Name'
2024-08-18 16:40:11 INFO  LoginStepDefinitions:57 - Filling input 'Password'
2024-08-18 16:40:11 INFO  LoginStepDefinitions:39 - Clearing input 'Password'
2024-08-18 16:40:11 INFO  LoginStepDefinitions:27 - Pressing button 'Login'
2024-08-18 16:40:11 INFO  LoginStepDefinitions:21 - Opening home page
2024-08-18 16:40:11 INFO  LoginStepDefinitions:51 - Filling input 'Name'
2024-08-18 16:40:11 INFO  LoginStepDefinitions:57 - Filling input 'Password'
2024-08-18 16:40:11 INFO  LoginStepDefinitions:27 - Pressing button 'Login'
2024-08-18 16:40:11 INFO  LoginStepDefinitions:21 - Opening home page
2024-08-18 16:40:12 INFO  LoginStepDefinitions:51 - Filling input 'Name'
2024-08-18 16:40:12 INFO  LoginStepDefinitions:57 - Filling input 'Password'
2024-08-18 16:40:12 INFO  LoginStepDefinitions:27 - Pressing button 'Login'
2024-08-18 16:40:17 INFO  LoginStepDefinitions:21 - Opening home page
2024-08-18 16:40:17 INFO  LoginStepDefinitions:51 - Filling input 'Name'
2024-08-18 16:40:17 INFO  LoginStepDefinitions:57 - Filling input 'Password'
2024-08-18 16:40:17 INFO  LoginStepDefinitions:27 - Pressing button 'Login'
2024-08-18 16:40:17 INFO  LoginStepDefinitions:21 - Opening home page
2024-08-18 16:40:17 INFO  LoginStepDefinitions:51 - Filling input 'Name'
2024-08-18 16:40:17 INFO  LoginStepDefinitions:57 - Filling input 'Password'
2024-08-18 16:40:17 INFO  LoginStepDefinitions:27 - Pressing button 'Login'
2024-08-18 16:40:18 INFO  Hooks:32 - Closing WebDriver...
2024-08-18 16:40:19 INFO  Hooks:34 - WebDriver closed.
2024-08-18 16:40:46 INFO  LoginStepDefinitions:21 - Opening home page
2024-08-18 16:40:47 INFO  WebDriverManager:1217 - Using geckodriver 0.35.0 (resolved driver for Firefox 129)
2024-08-18 16:40:47 INFO  WebDriverManager:1270 - Exporting webdriver.gecko.driver as C:\Users\Aguka\.cache\selenium\geckodriver\win64\0.35.0\geckodriver.exe
2024-08-18 16:40:50 INFO  LoginStepDefinitions:51 - Filling input 'Name'
2024-08-18 16:40:50 INFO  LoginStepDefinitions:21 - Opening home page
2024-08-18 16:40:50 INFO  LoginStepDefinitions:51 - Filling input 'Name'
2024-08-18 16:40:50 INFO  LoginStepDefinitions:21 - Opening home page
2024-08-18 16:40:50 INFO  LoginStepDefinitions:51 - Filling input 'Name'
2024-08-18 16:40:50 INFO  LoginStepDefinitions:21 - Opening home page
2024-08-18 16:40:51 INFO  LoginStepDefinitions:51 - Filling input 'Name'
2024-08-18 16:41:48 INFO  Hooks:24 - Opening driver...
2024-08-18 16:41:48 INFO  WebDriverManager:1217 - Using geckodriver 0.35.0 (resolved driver for Firefox 129)
2024-08-18 16:41:48 INFO  WebDriverManager:1270 - Exporting webdriver.gecko.driver as C:\Users\Aguka\.cache\selenium\geckodriver\win64\0.35.0\geckodriver.exe
2024-08-18 16:41:52 INFO  LoginStepDefinitions:21 - Opening home page
2024-08-18 16:41:53 INFO  LoginStepDefinitions:51 - Filling input 'Name'
2024-08-18 16:41:53 INFO  LoginStepDefinitions:57 - Filling input 'Password'
2024-08-18 16:41:53 INFO  LoginStepDefinitions:63 - Clearing input 'Name'
2024-08-18 16:41:53 INFO  LoginStepDefinitions:39 - Clearing input 'Password'
2024-08-18 16:41:53 INFO  LoginStepDefinitions:27 - Pressing button 'Login'
2024-08-18 16:41:54 INFO  LoginStepDefinitions:21 - Opening home page
2024-08-18 16:41:54 INFO  LoginStepDefinitions:51 - Filling input 'Name'
2024-08-18 16:41:54 INFO  LoginStepDefinitions:57 - Filling input 'Password'
2024-08-18 16:41:54 INFO  LoginStepDefinitions:63 - Clearing input 'Name'
2024-08-18 16:41:54 INFO  LoginStepDefinitions:39 - Clearing input 'Password'
2024-08-18 16:41:54 INFO  LoginStepDefinitions:27 - Pressing button 'Login'
2024-08-18 16:41:54 INFO  LoginStepDefinitions:21 - Opening home page
2024-08-18 16:41:55 INFO  LoginStepDefinitions:51 - Filling input 'Name'
2024-08-18 16:41:55 INFO  LoginStepDefinitions:57 - Filling input 'Password'
2024-08-18 16:41:55 INFO  LoginStepDefinitions:39 - Clearing input 'Password'
2024-08-18 16:41:55 INFO  LoginStepDefinitions:27 - Pressing button 'Login'
2024-08-18 16:41:55 INFO  LoginStepDefinitions:21 - Opening home page
2024-08-18 16:41:55 INFO  LoginStepDefinitions:51 - Filling input 'Name'
2024-08-18 16:41:55 INFO  LoginStepDefinitions:57 - Filling input 'Password'
2024-08-18 16:41:55 INFO  LoginStepDefinitions:39 - Clearing input 'Password'
2024-08-18 16:41:55 INFO  LoginStepDefinitions:27 - Pressing button 'Login'
2024-08-18 16:41:56 INFO  LoginStepDefinitions:21 - Opening home page
2024-08-18 16:41:56 INFO  LoginStepDefinitions:51 - Filling input 'Name'
2024-08-18 16:41:56 INFO  LoginStepDefinitions:57 - Filling input 'Password'
2024-08-18 16:41:56 INFO  LoginStepDefinitions:27 - Pressing button 'Login'
2024-08-18 16:41:56 INFO  LoginStepDefinitions:21 - Opening home page
2024-08-18 16:41:56 INFO  LoginStepDefinitions:51 - Filling input 'Name'
2024-08-18 16:41:56 INFO  LoginStepDefinitions:57 - Filling input 'Password'
2024-08-18 16:41:56 INFO  LoginStepDefinitions:27 - Pressing button 'Login'
2024-08-18 16:42:02 INFO  LoginStepDefinitions:21 - Opening home page
2024-08-18 16:42:02 INFO  LoginStepDefinitions:51 - Filling input 'Name'
2024-08-18 16:42:02 INFO  LoginStepDefinitions:57 - Filling input 'Password'
2024-08-18 16:42:02 INFO  LoginStepDefinitions:27 - Pressing button 'Login'
2024-08-18 16:42:02 INFO  LoginStepDefinitions:21 - Opening home page
2024-08-18 16:42:02 INFO  LoginStepDefinitions:51 - Filling input 'Name'
2024-08-18 16:42:02 INFO  LoginStepDefinitions:57 - Filling input 'Password'
2024-08-18 16:42:02 INFO  LoginStepDefinitions:27 - Pressing button 'Login'
2024-08-18 16:42:02 INFO  Hooks:32 - Closing WebDriver...
2024-08-18 16:42:03 INFO  Hooks:34 - WebDriver closed.
2024-08-18 16:42:45 INFO  Hooks:24 - Opening driver...
2024-08-18 16:42:45 INFO  WebDriverManager:1217 - Using geckodriver 0.35.0 (resolved driver for Firefox 129)
2024-08-18 16:42:45 INFO  WebDriverManager:1270 - Exporting webdriver.gecko.driver as C:\Users\Aguka\.cache\selenium\geckodriver\win64\0.35.0\geckodriver.exe
2024-08-18 16:42:49 INFO  LoginStepDefinitions:21 - Opening home page
2024-08-18 16:42:49 INFO  LoginStepDefinitions:51 - Filling input 'Name'
2024-08-18 16:42:50 INFO  LoginStepDefinitions:57 - Filling input 'Password'
2024-08-18 16:42:50 INFO  LoginStepDefinitions:63 - Clearing input 'Name'
2024-08-18 16:42:50 INFO  LoginStepDefinitions:39 - Clearing input 'Password'
2024-08-18 16:42:50 INFO  LoginStepDefinitions:27 - Pressing button 'Login'
2024-08-18 16:42:50 INFO  LoginStepDefinitions:21 - Opening home page
2024-08-18 16:42:51 INFO  LoginStepDefinitions:51 - Filling input 'Name'
2024-08-18 16:42:51 INFO  LoginStepDefinitions:57 - Filling input 'Password'
2024-08-18 16:42:51 INFO  LoginStepDefinitions:63 - Clearing input 'Name'
2024-08-18 16:42:51 INFO  LoginStepDefinitions:39 - Clearing input 'Password'
2024-08-18 16:42:51 INFO  LoginStepDefinitions:27 - Pressing button 'Login'
2024-08-18 16:42:51 INFO  LoginStepDefinitions:21 - Opening home page
2024-08-18 16:42:51 INFO  LoginStepDefinitions:51 - Filling input 'Name'
2024-08-18 16:42:51 INFO  LoginStepDefinitions:57 - Filling input 'Password'
2024-08-18 16:42:51 INFO  LoginStepDefinitions:39 - Clearing input 'Password'
2024-08-18 16:42:52 INFO  LoginStepDefinitions:27 - Pressing button 'Login'
2024-08-18 16:42:52 INFO  LoginStepDefinitions:21 - Opening home page
2024-08-18 16:42:52 INFO  LoginStepDefinitions:51 - Filling input 'Name'
2024-08-18 16:42:52 INFO  LoginStepDefinitions:57 - Filling input 'Password'
2024-08-18 16:42:52 INFO  LoginStepDefinitions:39 - Clearing input 'Password'
2024-08-18 16:42:52 INFO  LoginStepDefinitions:27 - Pressing button 'Login'
2024-08-18 16:42:53 INFO  LoginStepDefinitions:21 - Opening home page
2024-08-18 16:42:53 INFO  LoginStepDefinitions:51 - Filling input 'Name'
2024-08-18 16:42:53 INFO  LoginStepDefinitions:57 - Filling input 'Password'
2024-08-18 16:42:53 INFO  LoginStepDefinitions:27 - Pressing button 'Login'
2024-08-18 16:42:53 INFO  LoginStepDefinitions:21 - Opening home page
2024-08-18 16:42:53 INFO  LoginStepDefinitions:51 - Filling input 'Name'
2024-08-18 16:42:53 INFO  LoginStepDefinitions:57 - Filling input 'Password'
2024-08-18 16:42:53 INFO  LoginStepDefinitions:27 - Pressing button 'Login'
2024-08-18 16:42:58 INFO  LoginStepDefinitions:21 - Opening home page
2024-08-18 16:42:58 INFO  LoginStepDefinitions:51 - Filling input 'Name'
2024-08-18 16:42:59 INFO  LoginStepDefinitions:57 - Filling input 'Password'
2024-08-18 16:42:59 INFO  LoginStepDefinitions:27 - Pressing button 'Login'
2024-08-18 16:42:59 INFO  LoginStepDefinitions:21 - Opening home page
2024-08-18 16:42:59 INFO  LoginStepDefinitions:51 - Filling input 'Name'
2024-08-18 16:42:59 INFO  LoginStepDefinitions:57 - Filling input 'Password'
2024-08-18 16:42:59 INFO  LoginStepDefinitions:27 - Pressing button 'Login'
2024-08-18 16:42:59 INFO  Hooks:32 - Closing WebDriver...
2024-08-18 16:43:00 INFO  Hooks:34 - WebDriver closed.
2024-08-18 16:46:17 INFO  Hooks:24 - Opening driver...
2024-08-18 16:46:18 INFO  WebDriverManager:1217 - Using geckodriver 0.35.0 (resolved driver for Firefox 129)
2024-08-18 16:46:18 INFO  WebDriverManager:1270 - Exporting webdriver.gecko.driver as C:\Users\Aguka\.cache\selenium\geckodriver\win64\0.35.0\geckodriver.exe
2024-08-18 16:46:21 INFO  LoginStepDefinitions:21 - Opening home page
2024-08-18 16:46:22 INFO  LoginStepDefinitions:53 - Filling input 'Name'
2024-08-18 16:46:22 INFO  LoginStepDefinitions:59 - Filling input 'Password'
2024-08-18 16:46:22 INFO  LoginStepDefinitions:65 - Clearing input 'Name'
2024-08-18 16:46:22 INFO  LoginStepDefinitions:40 - Clearing input 'Password'
2024-08-18 16:46:22 INFO  LoginStepDefinitions:27 - Pressing button 'Login'
2024-08-18 16:46:23 INFO  LoginStepDefinitions:33 - Checking that error message is the same as 'Username is required'
2024-08-18 16:46:23 INFO  LoginStepDefinitions:21 - Opening home page
2024-08-18 16:46:23 INFO  LoginStepDefinitions:53 - Filling input 'Name'
2024-08-18 16:46:23 INFO  LoginStepDefinitions:59 - Filling input 'Password'
2024-08-18 16:46:23 INFO  LoginStepDefinitions:65 - Clearing input 'Name'
2024-08-18 16:46:23 INFO  LoginStepDefinitions:40 - Clearing input 'Password'
2024-08-18 16:46:23 INFO  LoginStepDefinitions:27 - Pressing button 'Login'
2024-08-18 16:46:24 INFO  LoginStepDefinitions:33 - Checking that error message is the same as 'Username is required'
2024-08-18 16:46:24 INFO  LoginStepDefinitions:21 - Opening home page
2024-08-18 16:46:24 INFO  LoginStepDefinitions:53 - Filling input 'Name'
2024-08-18 16:46:24 INFO  LoginStepDefinitions:59 - Filling input 'Password'
2024-08-18 16:46:24 INFO  LoginStepDefinitions:40 - Clearing input 'Password'
2024-08-18 16:46:24 INFO  LoginStepDefinitions:27 - Pressing button 'Login'
2024-08-18 16:46:24 INFO  LoginStepDefinitions:33 - Checking that error message is the same as 'Password is required'
2024-08-18 16:46:24 INFO  LoginStepDefinitions:21 - Opening home page
2024-08-18 16:46:24 INFO  LoginStepDefinitions:53 - Filling input 'Name'
2024-08-18 16:46:24 INFO  LoginStepDefinitions:59 - Filling input 'Password'
2024-08-18 16:46:24 INFO  LoginStepDefinitions:40 - Clearing input 'Password'
2024-08-18 16:46:25 INFO  LoginStepDefinitions:27 - Pressing button 'Login'
2024-08-18 16:46:25 INFO  LoginStepDefinitions:33 - Checking that error message is the same as 'Password is required'
2024-08-18 16:46:25 INFO  LoginStepDefinitions:21 - Opening home page
2024-08-18 16:46:25 INFO  LoginStepDefinitions:53 - Filling input 'Name'
2024-08-18 16:46:25 INFO  LoginStepDefinitions:59 - Filling input 'Password'
2024-08-18 16:46:25 INFO  LoginStepDefinitions:27 - Pressing button 'Login'
2024-08-18 16:46:25 INFO  LoginStepDefinitions:46 - Checking that title is the same as 'Swag Labs'
2024-08-18 16:46:25 INFO  LoginStepDefinitions:21 - Opening home page
2024-08-18 16:46:25 INFO  LoginStepDefinitions:53 - Filling input 'Name'
2024-08-18 16:46:26 INFO  LoginStepDefinitions:59 - Filling input 'Password'
2024-08-18 16:46:26 INFO  LoginStepDefinitions:27 - Pressing button 'Login'
2024-08-18 16:46:31 INFO  LoginStepDefinitions:46 - Checking that title is the same as 'Swag Labs'
2024-08-18 16:46:31 INFO  LoginStepDefinitions:21 - Opening home page
2024-08-18 16:46:31 INFO  LoginStepDefinitions:53 - Filling input 'Name'
2024-08-18 16:46:31 INFO  LoginStepDefinitions:59 - Filling input 'Password'
2024-08-18 16:46:31 INFO  LoginStepDefinitions:27 - Pressing button 'Login'
2024-08-18 16:46:31 INFO  LoginStepDefinitions:46 - Checking that title is the same as 'Swag Labs'
2024-08-18 16:46:31 INFO  LoginStepDefinitions:21 - Opening home page
2024-08-18 16:46:31 INFO  LoginStepDefinitions:53 - Filling input 'Name'
2024-08-18 16:46:31 INFO  LoginStepDefinitions:59 - Filling input 'Password'
2024-08-18 16:46:31 INFO  LoginStepDefinitions:27 - Pressing button 'Login'
2024-08-18 16:46:32 INFO  LoginStepDefinitions:46 - Checking that title is the same as 'Swag Labs'
2024-08-18 16:46:32 INFO  Hooks:32 - Closing WebDriver...
2024-08-18 16:46:32 INFO  Hooks:34 - WebDriver closed.
2024-08-18 16:47:17 INFO  Hooks:24 - Opening driver...
2024-08-18 16:47:17 INFO  WebDriverManager:1217 - Using geckodriver 0.35.0 (resolved driver for Firefox 129)
2024-08-18 16:47:17 INFO  WebDriverManager:1270 - Exporting webdriver.gecko.driver as C:\Users\Aguka\.cache\selenium\geckodriver\win64\0.35.0\geckodriver.exe
2024-08-18 16:47:20 INFO  LoginStepDefinitions:21 - Opening home page
2024-08-18 16:47:21 INFO  LoginStepDefinitions:53 - Filling input 'Name'
2024-08-18 16:47:21 INFO  LoginStepDefinitions:59 - Filling input 'Password'
2024-08-18 16:47:21 INFO  LoginStepDefinitions:65 - Clearing input 'Name'
2024-08-18 16:47:21 INFO  LoginStepDefinitions:40 - Clearing input 'Password'
2024-08-18 16:47:21 INFO  LoginStepDefinitions:27 - Pressing button 'Login'
2024-08-18 16:47:22 INFO  LoginStepDefinitions:33 - Checking that error message is the same as 'Username is required'
2024-08-18 16:47:22 INFO  LoginStepDefinitions:21 - Opening home page
2024-08-18 16:47:22 INFO  LoginStepDefinitions:53 - Filling input 'Name'
2024-08-18 16:47:22 INFO  LoginStepDefinitions:59 - Filling input 'Password'
2024-08-18 16:47:22 INFO  LoginStepDefinitions:65 - Clearing input 'Name'
2024-08-18 16:47:22 INFO  LoginStepDefinitions:40 - Clearing input 'Password'
2024-08-18 16:47:22 INFO  LoginStepDefinitions:27 - Pressing button 'Login'
2024-08-18 16:47:23 INFO  LoginStepDefinitions:33 - Checking that error message is the same as 'Username is required'
2024-08-18 16:47:23 INFO  LoginStepDefinitions:21 - Opening home page
2024-08-18 16:47:23 INFO  LoginStepDefinitions:53 - Filling input 'Name'
2024-08-18 16:47:23 INFO  LoginStepDefinitions:59 - Filling input 'Password'
2024-08-18 16:47:23 INFO  LoginStepDefinitions:40 - Clearing input 'Password'
2024-08-18 16:47:23 INFO  LoginStepDefinitions:27 - Pressing button 'Login'
2024-08-18 16:47:23 INFO  LoginStepDefinitions:33 - Checking that error message is the same as 'Password is required'
2024-08-18 16:47:23 INFO  LoginStepDefinitions:21 - Opening home page
2024-08-18 16:47:23 INFO  LoginStepDefinitions:53 - Filling input 'Name'
2024-08-18 16:47:23 INFO  LoginStepDefinitions:59 - Filling input 'Password'
2024-08-18 16:47:23 INFO  LoginStepDefinitions:40 - Clearing input 'Password'
2024-08-18 16:47:24 INFO  LoginStepDefinitions:27 - Pressing button 'Login'
2024-08-18 16:47:24 INFO  LoginStepDefinitions:33 - Checking that error message is the same as 'Password is required'
2024-08-18 16:47:24 INFO  LoginStepDefinitions:21 - Opening home page
2024-08-18 16:47:24 INFO  LoginStepDefinitions:53 - Filling input 'Name'
2024-08-18 16:47:24 INFO  LoginStepDefinitions:59 - Filling input 'Password'
2024-08-18 16:47:24 INFO  LoginStepDefinitions:27 - Pressing button 'Login'
2024-08-18 16:47:24 INFO  LoginStepDefinitions:46 - Checking that title is the same as 'Swag Labs'
2024-08-18 16:47:24 INFO  LoginStepDefinitions:21 - Opening home page
2024-08-18 16:47:24 INFO  LoginStepDefinitions:53 - Filling input 'Name'
2024-08-18 16:47:24 INFO  LoginStepDefinitions:59 - Filling input 'Password'
2024-08-18 16:47:24 INFO  LoginStepDefinitions:27 - Pressing button 'Login'
2024-08-18 16:47:30 INFO  LoginStepDefinitions:46 - Checking that title is the same as 'Swag Labs'
2024-08-18 16:47:30 INFO  LoginStepDefinitions:21 - Opening home page
2024-08-18 16:47:30 INFO  LoginStepDefinitions:53 - Filling input 'Name'
2024-08-18 16:47:30 INFO  LoginStepDefinitions:59 - Filling input 'Password'
2024-08-18 16:47:30 INFO  LoginStepDefinitions:27 - Pressing button 'Login'
2024-08-18 16:47:30 INFO  LoginStepDefinitions:46 - Checking that title is the same as 'Swag Labs'
2024-08-18 16:47:30 INFO  LoginStepDefinitions:21 - Opening home page
2024-08-18 16:47:30 INFO  LoginStepDefinitions:53 - Filling input 'Name'
2024-08-18 16:47:30 INFO  LoginStepDefinitions:59 - Filling input 'Password'
2024-08-18 16:47:30 INFO  LoginStepDefinitions:27 - Pressing button 'Login'
2024-08-18 16:47:31 INFO  LoginStepDefinitions:46 - Checking that title is the same as 'Swag Labs'
2024-08-18 16:47:31 INFO  Hooks:32 - Closing WebDriver...
2024-08-18 16:47:31 INFO  Hooks:34 - WebDriver closed.
2024-08-18 16:50:15 INFO  Utils:112 - [TestNG] Running:
  C:\Users\Aguka\AppData\Local\JetBrains\IdeaIC2022.2\temp-testng-customsuite.xml

2024-08-18 16:50:16 INFO  Hooks:24 - Opening driver...
2024-08-18 16:50:16 INFO  WebDriverManager:1217 - Using geckodriver 0.35.0 (resolved driver for Firefox 129)
2024-08-18 16:50:16 INFO  WebDriverManager:1270 - Exporting webdriver.gecko.driver as C:\Users\Aguka\.cache\selenium\geckodriver\win64\0.35.0\geckodriver.exe
2024-08-18 16:50:19 INFO  LoginStepDefinitions:21 - Opening home page
2024-08-18 16:50:20 INFO  LoginStepDefinitions:53 - Filling input 'Name'
2024-08-18 16:50:20 INFO  LoginStepDefinitions:59 - Filling input 'Password'
2024-08-18 16:50:20 INFO  LoginStepDefinitions:65 - Clearing input 'Name'
2024-08-18 16:50:20 INFO  LoginStepDefinitions:40 - Clearing input 'Password'
2024-08-18 16:50:20 INFO  LoginStepDefinitions:27 - Pressing button 'Login'
2024-08-18 16:50:21 INFO  LoginStepDefinitions:33 - Checking that error message is the same as 'Username is required'
2024-08-18 16:50:21 INFO  LoginStepDefinitions:21 - Opening home page
2024-08-18 16:50:21 INFO  LoginStepDefinitions:53 - Filling input 'Name'
2024-08-18 16:50:21 INFO  LoginStepDefinitions:59 - Filling input 'Password'
2024-08-18 16:50:21 INFO  LoginStepDefinitions:65 - Clearing input 'Name'
2024-08-18 16:50:21 INFO  LoginStepDefinitions:40 - Clearing input 'Password'
2024-08-18 16:50:21 INFO  LoginStepDefinitions:27 - Pressing button 'Login'
2024-08-18 16:50:22 INFO  LoginStepDefinitions:33 - Checking that error message is the same as 'Username is required'
2024-08-18 16:50:22 INFO  LoginStepDefinitions:21 - Opening home page
2024-08-18 16:50:22 INFO  LoginStepDefinitions:53 - Filling input 'Name'
2024-08-18 16:50:22 INFO  LoginStepDefinitions:59 - Filling input 'Password'
2024-08-18 16:50:22 INFO  LoginStepDefinitions:40 - Clearing input 'Password'
2024-08-18 16:50:22 INFO  LoginStepDefinitions:27 - Pressing button 'Login'
2024-08-18 16:50:22 INFO  LoginStepDefinitions:33 - Checking that error message is the same as 'Password is required'
2024-08-18 16:50:22 INFO  LoginStepDefinitions:21 - Opening home page
2024-08-18 16:50:22 INFO  LoginStepDefinitions:53 - Filling input 'Name'
2024-08-18 16:50:22 INFO  LoginStepDefinitions:59 - Filling input 'Password'
2024-08-18 16:50:22 INFO  LoginStepDefinitions:40 - Clearing input 'Password'
2024-08-18 16:50:23 INFO  LoginStepDefinitions:27 - Pressing button 'Login'
2024-08-18 16:50:23 INFO  LoginStepDefinitions:33 - Checking that error message is the same as 'Password is required'
2024-08-18 16:50:23 INFO  LoginStepDefinitions:21 - Opening home page
2024-08-18 16:50:23 INFO  LoginStepDefinitions:53 - Filling input 'Name'
2024-08-18 16:50:23 INFO  LoginStepDefinitions:59 - Filling input 'Password'
2024-08-18 16:50:23 INFO  LoginStepDefinitions:27 - Pressing button 'Login'
2024-08-18 16:50:23 INFO  LoginStepDefinitions:46 - Checking that title is the same as 'Swag Labs'
2024-08-18 16:50:23 INFO  LoginStepDefinitions:21 - Opening home page
2024-08-18 16:50:23 INFO  LoginStepDefinitions:53 - Filling input 'Name'
2024-08-18 16:50:23 INFO  LoginStepDefinitions:59 - Filling input 'Password'
2024-08-18 16:50:23 INFO  LoginStepDefinitions:27 - Pressing button 'Login'
2024-08-18 16:50:29 INFO  LoginStepDefinitions:46 - Checking that title is the same as 'Swag Labs'
2024-08-18 16:50:29 INFO  LoginStepDefinitions:21 - Opening home page
2024-08-18 16:50:29 INFO  LoginStepDefinitions:53 - Filling input 'Name'
2024-08-18 16:50:29 INFO  LoginStepDefinitions:59 - Filling input 'Password'
2024-08-18 16:50:29 INFO  LoginStepDefinitions:27 - Pressing button 'Login'
2024-08-18 16:50:29 INFO  LoginStepDefinitions:46 - Checking that title is the same as 'Swag Labs'
2024-08-18 16:50:29 INFO  LoginStepDefinitions:21 - Opening home page
2024-08-18 16:50:29 INFO  LoginStepDefinitions:53 - Filling input 'Name'
2024-08-18 16:50:29 INFO  LoginStepDefinitions:59 - Filling input 'Password'
2024-08-18 16:50:29 INFO  LoginStepDefinitions:27 - Pressing button 'Login'
2024-08-18 16:50:30 INFO  LoginStepDefinitions:46 - Checking that title is the same as 'Swag Labs'
2024-08-18 16:50:30 INFO  Hooks:32 - Closing WebDriver...
2024-08-18 16:50:30 INFO  Hooks:34 - WebDriver closed.
2024-08-18 16:51:51 INFO  Utils:112 - [TestNG] Running:
  C:\Users\Aguka\AppData\Local\JetBrains\IdeaIC2022.2\temp-testng-customsuite.xml

2024-08-18 16:51:51 INFO  Hooks:24 - Opening driver...
2024-08-18 16:51:52 INFO  WebDriverManager:1217 - Using chromedriver 127.0.6533.119 (resolved driver for Chrome 127)
2024-08-18 16:51:52 INFO  WebDriverManager:1270 - Exporting webdriver.chrome.driver as C:\Users\Aguka\.cache\selenium\chromedriver\win64\127.0.6533.119\chromedriver.exe
2024-08-18 16:51:54 INFO  LoginStepDefinitions:21 - Opening home page
2024-08-18 16:51:55 INFO  LoginStepDefinitions:53 - Filling input 'Name'
2024-08-18 16:51:55 INFO  LoginStepDefinitions:59 - Filling input 'Password'
2024-08-18 16:51:55 INFO  LoginStepDefinitions:65 - Clearing input 'Name'
2024-08-18 16:51:55 INFO  LoginStepDefinitions:40 - Clearing input 'Password'
2024-08-18 16:51:55 INFO  LoginStepDefinitions:27 - Pressing button 'Login'
2024-08-18 16:51:55 INFO  LoginStepDefinitions:33 - Checking that error message is the same as 'Username is required'
2024-08-18 16:51:55 INFO  LoginStepDefinitions:21 - Opening home page
2024-08-18 16:51:55 INFO  LoginStepDefinitions:53 - Filling input 'Name'
2024-08-18 16:51:55 INFO  LoginStepDefinitions:59 - Filling input 'Password'
2024-08-18 16:51:55 INFO  LoginStepDefinitions:65 - Clearing input 'Name'
2024-08-18 16:51:55 INFO  LoginStepDefinitions:40 - Clearing input 'Password'
2024-08-18 16:51:56 INFO  LoginStepDefinitions:27 - Pressing button 'Login'
2024-08-18 16:51:56 INFO  LoginStepDefinitions:33 - Checking that error message is the same as 'Username is required'
2024-08-18 16:51:56 INFO  LoginStepDefinitions:21 - Opening home page
2024-08-18 16:51:56 INFO  LoginStepDefinitions:53 - Filling input 'Name'
2024-08-18 16:51:56 INFO  LoginStepDefinitions:59 - Filling input 'Password'
2024-08-18 16:51:56 INFO  LoginStepDefinitions:40 - Clearing input 'Password'
2024-08-18 16:51:56 INFO  LoginStepDefinitions:27 - Pressing button 'Login'
2024-08-18 16:51:56 INFO  LoginStepDefinitions:33 - Checking that error message is the same as 'Password is required'
2024-08-18 16:51:56 INFO  LoginStepDefinitions:21 - Opening home page
2024-08-18 16:51:56 INFO  LoginStepDefinitions:53 - Filling input 'Name'
2024-08-18 16:51:56 INFO  LoginStepDefinitions:59 - Filling input 'Password'
2024-08-18 16:51:56 INFO  LoginStepDefinitions:40 - Clearing input 'Password'
2024-08-18 16:51:56 INFO  LoginStepDefinitions:27 - Pressing button 'Login'
2024-08-18 16:51:56 INFO  LoginStepDefinitions:33 - Checking that error message is the same as 'Password is required'
2024-08-18 16:51:56 INFO  LoginStepDefinitions:21 - Opening home page
2024-08-18 16:51:56 INFO  LoginStepDefinitions:53 - Filling input 'Name'
2024-08-18 16:51:56 INFO  LoginStepDefinitions:59 - Filling input 'Password'
2024-08-18 16:51:56 INFO  LoginStepDefinitions:27 - Pressing button 'Login'
2024-08-18 16:51:56 INFO  LoginStepDefinitions:46 - Checking that title is the same as 'Swag Labs'
2024-08-18 16:51:56 INFO  LoginStepDefinitions:21 - Opening home page
2024-08-18 16:51:57 INFO  LoginStepDefinitions:53 - Filling input 'Name'
2024-08-18 16:51:57 INFO  LoginStepDefinitions:59 - Filling input 'Password'
2024-08-18 16:51:57 INFO  LoginStepDefinitions:27 - Pressing button 'Login'
2024-08-18 16:52:02 INFO  LoginStepDefinitions:46 - Checking that title is the same as 'Swag Labs'
2024-08-18 16:52:02 INFO  LoginStepDefinitions:21 - Opening home page
2024-08-18 16:52:02 INFO  LoginStepDefinitions:53 - Filling input 'Name'
2024-08-18 16:52:02 INFO  LoginStepDefinitions:59 - Filling input 'Password'
2024-08-18 16:52:02 INFO  LoginStepDefinitions:27 - Pressing button 'Login'
2024-08-18 16:52:02 INFO  LoginStepDefinitions:46 - Checking that title is the same as 'Swag Labs'
2024-08-18 16:52:02 INFO  LoginStepDefinitions:21 - Opening home page
2024-08-18 16:52:02 INFO  LoginStepDefinitions:53 - Filling input 'Name'
2024-08-18 16:52:02 INFO  LoginStepDefinitions:59 - Filling input 'Password'
2024-08-18 16:52:02 INFO  LoginStepDefinitions:27 - Pressing button 'Login'
2024-08-18 16:52:02 INFO  LoginStepDefinitions:46 - Checking that title is the same as 'Swag Labs'
2024-08-18 16:52:02 INFO  Hooks:32 - Closing WebDriver...
2024-08-18 16:52:02 WARN  WebSocketHandler:142 - onError
java.net.SocketException: Connection reset
	at java.base/sun.nio.ch.SocketChannelImpl.throwConnectionReset(SocketChannelImpl.java:394) ~[?:?]
	at java.base/sun.nio.ch.SocketChannelImpl.read(SocketChannelImpl.java:426) ~[?:?]
	at io.netty.buffer.PooledByteBuf.setBytes(PooledByteBuf.java:254) ~[netty-buffer-4.1.96.Final.jar:4.1.96.Final]
	at io.netty.buffer.AbstractByteBuf.writeBytes(AbstractByteBuf.java:1132) ~[netty-buffer-4.1.96.Final.jar:4.1.96.Final]
	at io.netty.channel.socket.nio.NioSocketChannel.doReadBytes(NioSocketChannel.java:357) ~[netty-transport-4.1.96.Final.jar:4.1.96.Final]
	at io.netty.channel.nio.AbstractNioByteChannel$NioByteUnsafe.read(AbstractNioByteChannel.java:151) [netty-transport-4.1.96.Final.jar:4.1.96.Final]
	at io.netty.channel.nio.NioEventLoop.processSelectedKey(NioEventLoop.java:788) [netty-transport-4.1.96.Final.jar:4.1.96.Final]
	at io.netty.channel.nio.NioEventLoop.processSelectedKeysOptimized(NioEventLoop.java:724) [netty-transport-4.1.96.Final.jar:4.1.96.Final]
	at io.netty.channel.nio.NioEventLoop.processSelectedKeys(NioEventLoop.java:650) [netty-transport-4.1.96.Final.jar:4.1.96.Final]
	at io.netty.channel.nio.NioEventLoop.run(NioEventLoop.java:562) [netty-transport-4.1.96.Final.jar:4.1.96.Final]
	at io.netty.util.concurrent.SingleThreadEventExecutor$4.run(SingleThreadEventExecutor.java:997) [netty-common-4.1.96.Final.jar:4.1.96.Final]
	at io.netty.util.internal.ThreadExecutorMap$2.run(ThreadExecutorMap.java:74) [netty-common-4.1.96.Final.jar:4.1.96.Final]
	at io.netty.util.concurrent.FastThreadLocalRunnable.run(FastThreadLocalRunnable.java:30) [netty-common-4.1.96.Final.jar:4.1.96.Final]
	at java.base/java.lang.Thread.run(Thread.java:833) [?:?]
2024-08-18 16:52:02 INFO  Hooks:34 - WebDriver closed.
2024-08-18 16:56:50 INFO  Utils:112 - [TestNG] Running:
  C:\Users\Aguka\AppData\Local\JetBrains\IdeaIC2022.2\temp-testng-customsuite.xml

2024-08-18 16:56:50 INFO  Hooks:21 - Opening driver...
2024-08-18 16:56:51 INFO  WebDriverManager:1217 - Using chromedriver 127.0.6533.119 (resolved driver for Chrome 127)
2024-08-18 16:56:51 INFO  WebDriverManager:1270 - Exporting webdriver.chrome.driver as C:\Users\Aguka\.cache\selenium\chromedriver\win64\127.0.6533.119\chromedriver.exe
2024-08-18 16:56:52 INFO  LoginStepDefinitions:21 - Opening home page
2024-08-18 16:56:52 INFO  LoginStepDefinitions:53 - Filling input 'Name'
2024-08-18 16:56:53 INFO  LoginStepDefinitions:59 - Filling input 'Password'
2024-08-18 16:56:53 INFO  LoginStepDefinitions:65 - Clearing input 'Name'
2024-08-18 16:56:53 INFO  LoginStepDefinitions:40 - Clearing input 'Password'
2024-08-18 16:56:53 INFO  LoginStepDefinitions:27 - Pressing button 'Login'
2024-08-18 16:56:53 INFO  LoginStepDefinitions:33 - Checking that error message is the same as 'Username is required'
2024-08-18 16:56:53 INFO  Hooks:31 - Screenshot taken for failed scenario: UC-1_Test_Login_Form_with_Empty_Credentials
2024-08-18 16:56:53 INFO  LoginStepDefinitions:21 - Opening home page
2024-08-18 16:56:53 INFO  LoginStepDefinitions:53 - Filling input 'Name'
2024-08-18 16:56:53 INFO  LoginStepDefinitions:59 - Filling input 'Password'
2024-08-18 16:56:53 INFO  LoginStepDefinitions:65 - Clearing input 'Name'
2024-08-18 16:56:54 INFO  LoginStepDefinitions:40 - Clearing input 'Password'
2024-08-18 16:56:54 INFO  LoginStepDefinitions:27 - Pressing button 'Login'
2024-08-18 16:56:54 INFO  LoginStepDefinitions:33 - Checking that error message is the same as 'Username is required'
2024-08-18 16:56:54 INFO  Hooks:31 - Screenshot taken for failed scenario: UC-1_Test_Login_Form_with_Empty_Credentials
2024-08-18 16:56:54 INFO  LoginStepDefinitions:21 - Opening home page
2024-08-18 16:56:54 INFO  LoginStepDefinitions:53 - Filling input 'Name'
2024-08-18 16:56:54 INFO  LoginStepDefinitions:59 - Filling input 'Password'
2024-08-18 16:56:54 INFO  LoginStepDefinitions:40 - Clearing input 'Password'
2024-08-18 16:56:54 INFO  LoginStepDefinitions:27 - Pressing button 'Login'
2024-08-18 16:56:54 INFO  LoginStepDefinitions:33 - Checking that error message is the same as 'Password is required'
2024-08-18 16:56:54 INFO  Hooks:31 - Screenshot taken for failed scenario: UC-2_Test_Login_Form_with_credentials_by_passing_Username
2024-08-18 16:56:54 INFO  LoginStepDefinitions:21 - Opening home page
2024-08-18 16:56:54 INFO  LoginStepDefinitions:53 - Filling input 'Name'
2024-08-18 16:56:54 INFO  LoginStepDefinitions:59 - Filling input 'Password'
2024-08-18 16:56:54 INFO  LoginStepDefinitions:40 - Clearing input 'Password'
2024-08-18 16:56:54 INFO  LoginStepDefinitions:27 - Pressing button 'Login'
2024-08-18 16:56:54 INFO  LoginStepDefinitions:33 - Checking that error message is the same as 'Password is required'
2024-08-18 16:56:54 INFO  Hooks:31 - Screenshot taken for failed scenario: UC-2_Test_Login_Form_with_credentials_by_passing_Username
2024-08-18 16:56:54 INFO  LoginStepDefinitions:21 - Opening home page
2024-08-18 16:56:55 INFO  LoginStepDefinitions:53 - Filling input 'Name'
2024-08-18 16:56:55 INFO  LoginStepDefinitions:59 - Filling input 'Password'
2024-08-18 16:56:55 INFO  LoginStepDefinitions:27 - Pressing button 'Login'
2024-08-18 16:56:55 INFO  LoginStepDefinitions:46 - Checking that title is the same as 'Swag Labs'
2024-08-18 16:56:55 INFO  LoginStepDefinitions:21 - Opening home page
2024-08-18 16:56:55 INFO  LoginStepDefinitions:53 - Filling input 'Name'
2024-08-18 16:56:55 INFO  LoginStepDefinitions:59 - Filling input 'Password'
2024-08-18 16:56:55 INFO  LoginStepDefinitions:27 - Pressing button 'Login'
2024-08-18 16:57:00 INFO  LoginStepDefinitions:46 - Checking that title is the same as 'Swag Labs'
2024-08-18 16:57:00 INFO  LoginStepDefinitions:21 - Opening home page
2024-08-18 16:57:00 INFO  LoginStepDefinitions:53 - Filling input 'Name'
2024-08-18 16:57:00 INFO  LoginStepDefinitions:59 - Filling input 'Password'
2024-08-18 16:57:00 INFO  LoginStepDefinitions:27 - Pressing button 'Login'
2024-08-18 16:57:00 INFO  LoginStepDefinitions:46 - Checking that title is the same as 'Swag Labs'
2024-08-18 16:57:00 INFO  LoginStepDefinitions:21 - Opening home page
2024-08-18 16:57:00 INFO  LoginStepDefinitions:53 - Filling input 'Name'
2024-08-18 16:57:00 INFO  LoginStepDefinitions:59 - Filling input 'Password'
2024-08-18 16:57:00 INFO  LoginStepDefinitions:27 - Pressing button 'Login'
2024-08-18 16:57:00 INFO  LoginStepDefinitions:46 - Checking that title is the same as 'Swag Labs'
2024-08-18 16:57:00 INFO  Hooks:38 - Closing WebDriver...
2024-08-18 16:57:01 INFO  Hooks:40 - WebDriver closed.
2024-08-18 16:58:58 INFO  Utils:112 - [TestNG] Running:
  C:\Users\Aguka\AppData\Local\JetBrains\IdeaIC2022.2\temp-testng-customsuite.xml

2024-08-18 16:58:59 INFO  Hooks:19 - Opening driver...
2024-08-18 16:58:59 INFO  WebDriverManager:1217 - Using chromedriver 127.0.6533.119 (resolved driver for Chrome 127)
2024-08-18 16:58:59 INFO  WebDriverManager:1270 - Exporting webdriver.chrome.driver as C:\Users\Aguka\.cache\selenium\chromedriver\win64\127.0.6533.119\chromedriver.exe
2024-08-18 16:59:00 INFO  LoginStepDefinitions:21 - Opening home page
2024-08-18 16:59:01 INFO  LoginStepDefinitions:53 - Filling input 'Name'
2024-08-18 16:59:01 INFO  LoginStepDefinitions:59 - Filling input 'Password'
2024-08-18 16:59:01 INFO  LoginStepDefinitions:65 - Clearing input 'Name'
2024-08-18 16:59:01 INFO  LoginStepDefinitions:40 - Clearing input 'Password'
2024-08-18 16:59:01 INFO  LoginStepDefinitions:27 - Pressing button 'Login'
2024-08-18 16:59:02 INFO  LoginStepDefinitions:33 - Checking that error message is the same as 'Username is required'
2024-08-18 16:59:02 INFO  Hooks:29 - Screenshot taken for failed scenario: UC-1_Test_Login_Form_with_Empty_Credentials
2024-08-18 16:59:02 INFO  LoginStepDefinitions:21 - Opening home page
2024-08-18 16:59:02 INFO  LoginStepDefinitions:53 - Filling input 'Name'
2024-08-18 16:59:02 INFO  LoginStepDefinitions:59 - Filling input 'Password'
2024-08-18 16:59:02 INFO  LoginStepDefinitions:65 - Clearing input 'Name'
2024-08-18 16:59:02 INFO  LoginStepDefinitions:40 - Clearing input 'Password'
2024-08-18 16:59:02 INFO  LoginStepDefinitions:27 - Pressing button 'Login'
2024-08-18 16:59:02 INFO  LoginStepDefinitions:33 - Checking that error message is the same as 'Username is required'
2024-08-18 16:59:02 INFO  Hooks:29 - Screenshot taken for failed scenario: UC-1_Test_Login_Form_with_Empty_Credentials
2024-08-18 16:59:02 INFO  LoginStepDefinitions:21 - Opening home page
2024-08-18 16:59:02 INFO  LoginStepDefinitions:53 - Filling input 'Name'
2024-08-18 16:59:02 INFO  LoginStepDefinitions:59 - Filling input 'Password'
2024-08-18 16:59:02 INFO  LoginStepDefinitions:40 - Clearing input 'Password'
2024-08-18 16:59:02 INFO  LoginStepDefinitions:27 - Pressing button 'Login'
2024-08-18 16:59:02 INFO  LoginStepDefinitions:33 - Checking that error message is the same as 'Password is required'
2024-08-18 16:59:03 INFO  Hooks:29 - Screenshot taken for failed scenario: UC-2_Test_Login_Form_with_credentials_by_passing_Username
2024-08-18 16:59:03 INFO  LoginStepDefinitions:21 - Opening home page
2024-08-18 16:59:03 INFO  LoginStepDefinitions:53 - Filling input 'Name'
2024-08-18 16:59:03 INFO  LoginStepDefinitions:59 - Filling input 'Password'
2024-08-18 16:59:03 INFO  LoginStepDefinitions:40 - Clearing input 'Password'
2024-08-18 16:59:03 INFO  LoginStepDefinitions:27 - Pressing button 'Login'
2024-08-18 16:59:03 INFO  LoginStepDefinitions:33 - Checking that error message is the same as 'Password is required'
2024-08-18 16:59:03 INFO  Hooks:29 - Screenshot taken for failed scenario: UC-2_Test_Login_Form_with_credentials_by_passing_Username
2024-08-18 16:59:03 INFO  LoginStepDefinitions:21 - Opening home page
2024-08-18 16:59:03 INFO  LoginStepDefinitions:53 - Filling input 'Name'
2024-08-18 16:59:03 INFO  LoginStepDefinitions:59 - Filling input 'Password'
2024-08-18 16:59:03 INFO  LoginStepDefinitions:27 - Pressing button 'Login'
2024-08-18 16:59:03 INFO  LoginStepDefinitions:46 - Checking that title is the same as 'Swag Labs'
2024-08-18 16:59:03 INFO  LoginStepDefinitions:21 - Opening home page
2024-08-18 16:59:03 INFO  LoginStepDefinitions:53 - Filling input 'Name'
2024-08-18 16:59:03 INFO  LoginStepDefinitions:59 - Filling input 'Password'
2024-08-18 16:59:03 INFO  LoginStepDefinitions:27 - Pressing button 'Login'
2024-08-18 16:59:08 INFO  LoginStepDefinitions:46 - Checking that title is the same as 'Swag Labs'
2024-08-18 16:59:08 INFO  LoginStepDefinitions:21 - Opening home page
2024-08-18 16:59:08 INFO  LoginStepDefinitions:53 - Filling input 'Name'
2024-08-18 16:59:08 INFO  LoginStepDefinitions:59 - Filling input 'Password'
2024-08-18 16:59:08 INFO  LoginStepDefinitions:27 - Pressing button 'Login'
2024-08-18 16:59:09 INFO  LoginStepDefinitions:46 - Checking that title is the same as 'Swag Labs'
2024-08-18 16:59:09 INFO  LoginStepDefinitions:21 - Opening home page
2024-08-18 16:59:09 INFO  LoginStepDefinitions:53 - Filling input 'Name'
2024-08-18 16:59:09 INFO  LoginStepDefinitions:59 - Filling input 'Password'
2024-08-18 16:59:09 INFO  LoginStepDefinitions:27 - Pressing button 'Login'
2024-08-18 16:59:09 INFO  LoginStepDefinitions:46 - Checking that title is the same as 'Swag Labs'
2024-08-18 16:59:09 INFO  Hooks:36 - Closing WebDriver...
2024-08-18 16:59:09 INFO  Hooks:38 - WebDriver closed.
2024-08-18 17:15:33 INFO  Hooks:19 - Opening driver...
2024-08-18 17:15:34 INFO  WebDriverManager:1217 - Using chromedriver 127.0.6533.119 (resolved driver for Chrome 127)
2024-08-18 17:15:34 INFO  WebDriverManager:1270 - Exporting webdriver.chrome.driver as C:\Users\Aguka\.cache\selenium\chromedriver\win64\127.0.6533.119\chromedriver.exe
2024-08-18 17:15:37 INFO  LoginStepDefinitions:21 - Opening home page
2024-08-18 17:15:37 INFO  LoginStepDefinitions:58 - Filling input 'Name'
2024-08-18 17:15:38 INFO  LoginStepDefinitions:64 - Filling input 'Password'
2024-08-18 17:15:38 INFO  LoginStepDefinitions:70 - Clearing input 'Name'
2024-08-18 17:15:38 INFO  LoginStepDefinitions:43 - Clearing input 'Password'
2024-08-18 17:15:38 INFO  LoginStepDefinitions:27 - Pressing button 'Login'
2024-08-18 17:15:38 INFO  LoginStepDefinitions:33 - Checking that error message is the same as 'Username is required'
2024-08-18 17:15:38 INFO  Hooks:29 - Screenshot taken for failed scenario: UC-1_Test_Login_Form_with_Empty_Credentials
2024-08-18 17:15:38 INFO  LoginStepDefinitions:21 - Opening home page
2024-08-18 17:15:39 INFO  LoginStepDefinitions:58 - Filling input 'Name'
2024-08-18 17:15:39 INFO  LoginStepDefinitions:64 - Filling input 'Password'
2024-08-18 17:15:39 INFO  LoginStepDefinitions:70 - Clearing input 'Name'
2024-08-18 17:15:39 INFO  LoginStepDefinitions:43 - Clearing input 'Password'
2024-08-18 17:15:39 INFO  LoginStepDefinitions:27 - Pressing button 'Login'
2024-08-18 17:15:39 INFO  LoginStepDefinitions:33 - Checking that error message is the same as 'Username is required'
2024-08-18 17:15:39 INFO  Hooks:29 - Screenshot taken for failed scenario: UC-1_Test_Login_Form_with_Empty_Credentials
2024-08-18 17:15:39 INFO  LoginStepDefinitions:21 - Opening home page
2024-08-18 17:15:39 INFO  LoginStepDefinitions:58 - Filling input 'Name'
2024-08-18 17:15:39 INFO  LoginStepDefinitions:64 - Filling input 'Password'
2024-08-18 17:15:39 INFO  LoginStepDefinitions:43 - Clearing input 'Password'
2024-08-18 17:15:39 INFO  LoginStepDefinitions:27 - Pressing button 'Login'
2024-08-18 17:15:39 INFO  LoginStepDefinitions:33 - Checking that error message is the same as 'Password is required'
2024-08-18 17:15:39 INFO  Hooks:29 - Screenshot taken for failed scenario: UC-2_Test_Login_Form_with_credentials_by_passing_Username
2024-08-18 17:15:39 INFO  LoginStepDefinitions:21 - Opening home page
2024-08-18 17:15:39 INFO  LoginStepDefinitions:58 - Filling input 'Name'
2024-08-18 17:15:40 INFO  LoginStepDefinitions:64 - Filling input 'Password'
2024-08-18 17:15:40 INFO  LoginStepDefinitions:43 - Clearing input 'Password'
2024-08-18 17:15:40 INFO  LoginStepDefinitions:27 - Pressing button 'Login'
2024-08-18 17:15:40 INFO  LoginStepDefinitions:33 - Checking that error message is the same as 'Password is required'
2024-08-18 17:15:40 INFO  Hooks:29 - Screenshot taken for failed scenario: UC-2_Test_Login_Form_with_credentials_by_passing_Username
2024-08-18 17:15:40 INFO  LoginStepDefinitions:21 - Opening home page
2024-08-18 17:15:40 INFO  LoginStepDefinitions:58 - Filling input 'Name'
2024-08-18 17:15:40 INFO  LoginStepDefinitions:64 - Filling input 'Password'
2024-08-18 17:15:40 INFO  LoginStepDefinitions:27 - Pressing button 'Login'
2024-08-18 17:15:40 INFO  LoginStepDefinitions:49 - Checking that title is the same as 'Swag Labs'
2024-08-18 17:15:40 INFO  Hooks:29 - Screenshot taken for failed scenario: UC-3:_Test_Login_Form_with_Credentials_by_Passing_Username_&_Password
2024-08-18 17:15:40 INFO  LoginStepDefinitions:21 - Opening home page
2024-08-18 17:15:40 INFO  LoginStepDefinitions:58 - Filling input 'Name'
2024-08-18 17:15:40 INFO  LoginStepDefinitions:64 - Filling input 'Password'
2024-08-18 17:15:40 INFO  LoginStepDefinitions:27 - Pressing button 'Login'
2024-08-18 17:15:46 INFO  LoginStepDefinitions:49 - Checking that title is the same as 'Swag Labs'
2024-08-18 17:15:46 INFO  Hooks:29 - Screenshot taken for failed scenario: UC-3:_Test_Login_Form_with_Credentials_by_Passing_Username_&_Password
2024-08-18 17:15:46 INFO  LoginStepDefinitions:21 - Opening home page
2024-08-18 17:15:46 INFO  LoginStepDefinitions:58 - Filling input 'Name'
2024-08-18 17:15:46 INFO  LoginStepDefinitions:64 - Filling input 'Password'
2024-08-18 17:15:46 INFO  LoginStepDefinitions:27 - Pressing button 'Login'
2024-08-18 17:15:46 INFO  LoginStepDefinitions:49 - Checking that title is the same as 'Swag Labs'
2024-08-18 17:15:46 INFO  Hooks:29 - Screenshot taken for failed scenario: UC-3:_Test_Login_Form_with_Credentials_by_Passing_Username_&_Password
2024-08-18 17:15:46 INFO  LoginStepDefinitions:21 - Opening home page
2024-08-18 17:15:46 INFO  LoginStepDefinitions:58 - Filling input 'Name'
2024-08-18 17:15:46 INFO  LoginStepDefinitions:64 - Filling input 'Password'
2024-08-18 17:15:46 INFO  LoginStepDefinitions:27 - Pressing button 'Login'
2024-08-18 17:15:46 INFO  LoginStepDefinitions:49 - Checking that title is the same as 'Swag Labs'
2024-08-18 17:15:47 INFO  Hooks:29 - Screenshot taken for failed scenario: UC-3:_Test_Login_Form_with_Credentials_by_Passing_Username_&_Password
2024-08-18 17:15:47 INFO  Hooks:36 - Closing WebDriver...
2024-08-18 17:15:47 INFO  Hooks:38 - WebDriver closed.
2024-08-18 17:18:19 INFO  Hooks:19 - Opening driver...
2024-08-18 17:18:20 INFO  WebDriverManager:1217 - Using chromedriver 127.0.6533.119 (resolved driver for Chrome 127)
2024-08-18 17:18:20 INFO  WebDriverManager:1270 - Exporting webdriver.chrome.driver as C:\Users\Aguka\.cache\selenium\chromedriver\win64\127.0.6533.119\chromedriver.exe
2024-08-18 17:18:23 INFO  LoginStepDefinitions:21 - Opening home page
2024-08-18 17:18:23 INFO  LoginStepDefinitions:58 - Filling input 'Name'
2024-08-18 17:18:24 INFO  LoginStepDefinitions:64 - Filling input 'Password'
2024-08-18 17:18:24 INFO  LoginStepDefinitions:70 - Clearing input 'Name'
2024-08-18 17:18:24 INFO  LoginStepDefinitions:43 - Clearing input 'Password'
2024-08-18 17:18:24 INFO  LoginStepDefinitions:27 - Pressing button 'Login'
2024-08-18 17:18:24 INFO  LoginStepDefinitions:33 - Checking that error message is the same as 'Username is required'
2024-08-18 17:18:24 INFO  Hooks:29 - Screenshot taken for failed scenario: UC-1_Test_Login_Form_with_Empty_Credentials
2024-08-18 17:18:24 INFO  LoginStepDefinitions:21 - Opening home page
2024-08-18 17:18:24 INFO  LoginStepDefinitions:58 - Filling input 'Name'
2024-08-18 17:18:24 INFO  LoginStepDefinitions:64 - Filling input 'Password'
2024-08-18 17:18:24 INFO  LoginStepDefinitions:70 - Clearing input 'Name'
2024-08-18 17:18:24 INFO  LoginStepDefinitions:43 - Clearing input 'Password'
2024-08-18 17:18:25 INFO  LoginStepDefinitions:27 - Pressing button 'Login'
2024-08-18 17:18:25 INFO  LoginStepDefinitions:33 - Checking that error message is the same as 'Username is required'
2024-08-18 17:18:25 INFO  Hooks:29 - Screenshot taken for failed scenario: UC-1_Test_Login_Form_with_Empty_Credentials
2024-08-18 17:18:25 INFO  LoginStepDefinitions:21 - Opening home page
2024-08-18 17:18:25 INFO  LoginStepDefinitions:58 - Filling input 'Name'
2024-08-18 17:18:25 INFO  LoginStepDefinitions:64 - Filling input 'Password'
2024-08-18 17:18:25 INFO  LoginStepDefinitions:43 - Clearing input 'Password'
2024-08-18 17:18:25 INFO  LoginStepDefinitions:27 - Pressing button 'Login'
2024-08-18 17:18:25 INFO  LoginStepDefinitions:33 - Checking that error message is the same as 'Password is required'
2024-08-18 17:18:25 INFO  Hooks:29 - Screenshot taken for failed scenario: UC-2_Test_Login_Form_with_credentials_by_passing_Username
2024-08-18 17:18:25 INFO  LoginStepDefinitions:21 - Opening home page
2024-08-18 17:18:25 INFO  LoginStepDefinitions:58 - Filling input 'Name'
2024-08-18 17:18:25 INFO  LoginStepDefinitions:64 - Filling input 'Password'
2024-08-18 17:18:25 INFO  LoginStepDefinitions:43 - Clearing input 'Password'
2024-08-18 17:18:25 INFO  LoginStepDefinitions:27 - Pressing button 'Login'
2024-08-18 17:18:25 INFO  LoginStepDefinitions:33 - Checking that error message is the same as 'Password is required'
2024-08-18 17:18:25 INFO  Hooks:29 - Screenshot taken for failed scenario: UC-2_Test_Login_Form_with_credentials_by_passing_Username
2024-08-18 17:18:25 INFO  LoginStepDefinitions:21 - Opening home page
2024-08-18 17:18:26 INFO  LoginStepDefinitions:58 - Filling input 'Name'
2024-08-18 17:18:26 INFO  LoginStepDefinitions:64 - Filling input 'Password'
2024-08-18 17:18:26 INFO  LoginStepDefinitions:27 - Pressing button 'Login'
2024-08-18 17:18:26 INFO  LoginStepDefinitions:49 - Checking that title is the same as 'Swag Labs'
2024-08-18 17:18:26 INFO  LoginStepDefinitions:21 - Opening home page
2024-08-18 17:18:26 INFO  LoginStepDefinitions:58 - Filling input 'Name'
2024-08-18 17:18:26 INFO  LoginStepDefinitions:64 - Filling input 'Password'
2024-08-18 17:18:26 INFO  LoginStepDefinitions:27 - Pressing button 'Login'
2024-08-18 17:18:31 INFO  LoginStepDefinitions:49 - Checking that title is the same as 'Swag Labs'
2024-08-18 17:18:31 INFO  LoginStepDefinitions:21 - Opening home page
2024-08-18 17:18:31 INFO  LoginStepDefinitions:58 - Filling input 'Name'
2024-08-18 17:18:31 INFO  LoginStepDefinitions:64 - Filling input 'Password'
2024-08-18 17:18:31 INFO  LoginStepDefinitions:27 - Pressing button 'Login'
2024-08-18 17:18:31 INFO  LoginStepDefinitions:49 - Checking that title is the same as 'Swag Labs'
2024-08-18 17:18:31 INFO  LoginStepDefinitions:21 - Opening home page
2024-08-18 17:18:31 INFO  LoginStepDefinitions:58 - Filling input 'Name'
2024-08-18 17:18:31 INFO  LoginStepDefinitions:64 - Filling input 'Password'
2024-08-18 17:18:31 INFO  LoginStepDefinitions:27 - Pressing button 'Login'
2024-08-18 17:18:31 INFO  LoginStepDefinitions:49 - Checking that title is the same as 'Swag Labs'
2024-08-18 17:18:31 INFO  Hooks:36 - Closing WebDriver...
2024-08-18 17:18:31 WARN  WebSocketHandler:142 - onError
java.net.SocketException: Connection reset
	at java.base/sun.nio.ch.SocketChannelImpl.throwConnectionReset(SocketChannelImpl.java:394) ~[?:?]
	at java.base/sun.nio.ch.SocketChannelImpl.read(SocketChannelImpl.java:426) ~[?:?]
	at io.netty.buffer.PooledByteBuf.setBytes(PooledByteBuf.java:254) ~[netty-buffer-4.1.96.Final.jar:4.1.96.Final]
	at io.netty.buffer.AbstractByteBuf.writeBytes(AbstractByteBuf.java:1132) ~[netty-buffer-4.1.96.Final.jar:4.1.96.Final]
	at io.netty.channel.socket.nio.NioSocketChannel.doReadBytes(NioSocketChannel.java:357) ~[netty-transport-4.1.96.Final.jar:4.1.96.Final]
	at io.netty.channel.nio.AbstractNioByteChannel$NioByteUnsafe.read(AbstractNioByteChannel.java:151) [netty-transport-4.1.96.Final.jar:4.1.96.Final]
	at io.netty.channel.nio.NioEventLoop.processSelectedKey(NioEventLoop.java:788) [netty-transport-4.1.96.Final.jar:4.1.96.Final]
	at io.netty.channel.nio.NioEventLoop.processSelectedKeysOptimized(NioEventLoop.java:724) [netty-transport-4.1.96.Final.jar:4.1.96.Final]
	at io.netty.channel.nio.NioEventLoop.processSelectedKeys(NioEventLoop.java:650) [netty-transport-4.1.96.Final.jar:4.1.96.Final]
	at io.netty.channel.nio.NioEventLoop.run(NioEventLoop.java:562) [netty-transport-4.1.96.Final.jar:4.1.96.Final]
	at io.netty.util.concurrent.SingleThreadEventExecutor$4.run(SingleThreadEventExecutor.java:997) [netty-common-4.1.96.Final.jar:4.1.96.Final]
	at io.netty.util.internal.ThreadExecutorMap$2.run(ThreadExecutorMap.java:74) [netty-common-4.1.96.Final.jar:4.1.96.Final]
	at io.netty.util.concurrent.FastThreadLocalRunnable.run(FastThreadLocalRunnable.java:30) [netty-common-4.1.96.Final.jar:4.1.96.Final]
	at java.base/java.lang.Thread.run(Thread.java:833) [?:?]
2024-08-18 17:18:31 INFO  Hooks:38 - WebDriver closed.
2024-08-18 17:19:38 INFO  Utils:112 - [TestNG] Running:
  C:\Users\Aguka\AppData\Local\JetBrains\IdeaIC2022.2\temp-testng-customsuite.xml

2024-08-18 17:19:38 INFO  Hooks:19 - Opening driver...
2024-08-18 17:19:39 INFO  WebDriverManager:1217 - Using chromedriver 127.0.6533.119 (resolved driver for Chrome 127)
2024-08-18 17:19:39 INFO  WebDriverManager:1270 - Exporting webdriver.chrome.driver as C:\Users\Aguka\.cache\selenium\chromedriver\win64\127.0.6533.119\chromedriver.exe
2024-08-18 17:19:40 INFO  LoginStepDefinitions:21 - Opening home page
2024-08-18 17:19:41 INFO  LoginStepDefinitions:58 - Filling input 'Name'
2024-08-18 17:19:41 INFO  LoginStepDefinitions:64 - Filling input 'Password'
2024-08-18 17:19:41 INFO  LoginStepDefinitions:70 - Clearing input 'Name'
2024-08-18 17:19:41 INFO  LoginStepDefinitions:42 - Clearing input 'Password'
2024-08-18 17:19:41 INFO  LoginStepDefinitions:27 - Pressing button 'Login'
2024-08-18 17:19:41 INFO  LoginStepDefinitions:33 - Checking that error message is the same as 'Username is required'
2024-08-18 17:19:42 INFO  Hooks:29 - Screenshot taken for failed scenario: UC-1_Test_Login_Form_with_Empty_Credentials
2024-08-18 17:19:42 INFO  LoginStepDefinitions:21 - Opening home page
2024-08-18 17:19:42 INFO  LoginStepDefinitions:58 - Filling input 'Name'
2024-08-18 17:19:42 INFO  LoginStepDefinitions:64 - Filling input 'Password'
2024-08-18 17:19:42 INFO  LoginStepDefinitions:70 - Clearing input 'Name'
2024-08-18 17:19:42 INFO  LoginStepDefinitions:42 - Clearing input 'Password'
2024-08-18 17:19:42 INFO  LoginStepDefinitions:27 - Pressing button 'Login'
2024-08-18 17:19:42 INFO  LoginStepDefinitions:33 - Checking that error message is the same as 'Username is required'
2024-08-18 17:19:42 INFO  Hooks:29 - Screenshot taken for failed scenario: UC-1_Test_Login_Form_with_Empty_Credentials
2024-08-18 17:19:42 INFO  LoginStepDefinitions:21 - Opening home page
2024-08-18 17:19:43 INFO  LoginStepDefinitions:58 - Filling input 'Name'
2024-08-18 17:19:43 INFO  LoginStepDefinitions:64 - Filling input 'Password'
2024-08-18 17:19:43 INFO  LoginStepDefinitions:42 - Clearing input 'Password'
2024-08-18 17:19:43 INFO  LoginStepDefinitions:27 - Pressing button 'Login'
2024-08-18 17:19:43 INFO  LoginStepDefinitions:33 - Checking that error message is the same as 'Password is required'
2024-08-18 17:19:43 INFO  Hooks:29 - Screenshot taken for failed scenario: UC-2_Test_Login_Form_with_credentials_by_passing_Username
2024-08-18 17:19:43 INFO  LoginStepDefinitions:21 - Opening home page
2024-08-18 17:19:43 INFO  LoginStepDefinitions:58 - Filling input 'Name'
2024-08-18 17:19:43 INFO  LoginStepDefinitions:64 - Filling input 'Password'
2024-08-18 17:19:43 INFO  LoginStepDefinitions:42 - Clearing input 'Password'
2024-08-18 17:19:43 INFO  LoginStepDefinitions:27 - Pressing button 'Login'
2024-08-18 17:19:43 INFO  LoginStepDefinitions:33 - Checking that error message is the same as 'Password is required'
2024-08-18 17:19:43 INFO  Hooks:29 - Screenshot taken for failed scenario: UC-2_Test_Login_Form_with_credentials_by_passing_Username
2024-08-18 17:19:43 INFO  LoginStepDefinitions:21 - Opening home page
2024-08-18 17:19:43 INFO  LoginStepDefinitions:58 - Filling input 'Name'
2024-08-18 17:19:43 INFO  LoginStepDefinitions:64 - Filling input 'Password'
2024-08-18 17:19:43 INFO  LoginStepDefinitions:27 - Pressing button 'Login'
2024-08-18 17:19:43 INFO  LoginStepDefinitions:48 - Checking that title is the same as 'Swag Labs'
2024-08-18 17:19:43 INFO  LoginStepDefinitions:21 - Opening home page
2024-08-18 17:19:43 INFO  LoginStepDefinitions:58 - Filling input 'Name'
2024-08-18 17:19:44 INFO  LoginStepDefinitions:64 - Filling input 'Password'
2024-08-18 17:19:44 INFO  LoginStepDefinitions:27 - Pressing button 'Login'
2024-08-18 17:19:49 INFO  LoginStepDefinitions:48 - Checking that title is the same as 'Swag Labs'
2024-08-18 17:19:49 INFO  LoginStepDefinitions:21 - Opening home page
2024-08-18 17:19:49 INFO  LoginStepDefinitions:58 - Filling input 'Name'
2024-08-18 17:19:49 INFO  LoginStepDefinitions:64 - Filling input 'Password'
2024-08-18 17:19:49 INFO  LoginStepDefinitions:27 - Pressing button 'Login'
2024-08-18 17:19:49 INFO  LoginStepDefinitions:48 - Checking that title is the same as 'Swag Labs'
2024-08-18 17:19:49 INFO  LoginStepDefinitions:21 - Opening home page
2024-08-18 17:19:49 INFO  LoginStepDefinitions:58 - Filling input 'Name'
2024-08-18 17:19:49 INFO  LoginStepDefinitions:64 - Filling input 'Password'
2024-08-18 17:19:49 INFO  LoginStepDefinitions:27 - Pressing button 'Login'
2024-08-18 17:19:49 INFO  LoginStepDefinitions:48 - Checking that title is the same as 'Swag Labs'
2024-08-18 17:19:49 INFO  Hooks:36 - Closing WebDriver...
2024-08-18 17:19:49 INFO  Hooks:38 - WebDriver closed.
2024-08-18 17:32:13 INFO  Utils:112 - [TestNG] Running:
  C:\Users\Aguka\AppData\Local\JetBrains\IdeaIC2022.2\temp-testng-customsuite.xml

2024-08-18 17:32:13 INFO  Hooks:19 - Opening driver...
2024-08-18 17:32:13 INFO  WebDriverManager:1217 - Using chromedriver 127.0.6533.119 (resolved driver for Chrome 127)
2024-08-18 17:32:13 INFO  WebDriverManager:1270 - Exporting webdriver.chrome.driver as C:\Users\Aguka\.cache\selenium\chromedriver\win64\127.0.6533.119\chromedriver.exe
2024-08-18 17:32:15 INFO  LoginStepDefinitions:21 - Opening home page
2024-08-18 17:32:15 INFO  LoginStepDefinitions:58 - Filling input 'Name'
2024-08-18 17:32:16 INFO  LoginStepDefinitions:64 - Filling input 'Password'
2024-08-18 17:32:16 INFO  LoginStepDefinitions:70 - Clearing input 'Name'
2024-08-18 17:32:16 INFO  LoginStepDefinitions:42 - Clearing input 'Password'
2024-08-18 17:32:16 INFO  LoginStepDefinitions:27 - Pressing button 'Login'
2024-08-18 17:32:16 INFO  LoginStepDefinitions:33 - Checking that error message is the same as 'Username is required'
2024-08-18 17:32:16 INFO  Hooks:29 - Screenshot taken for failed scenario: UC-1_Test_Login_Form_with_Empty_Credentials
2024-08-18 17:32:16 INFO  LoginStepDefinitions:21 - Opening home page
2024-08-18 17:32:16 INFO  LoginStepDefinitions:58 - Filling input 'Name'
2024-08-18 17:32:16 INFO  LoginStepDefinitions:64 - Filling input 'Password'
2024-08-18 17:32:16 INFO  LoginStepDefinitions:70 - Clearing input 'Name'
2024-08-18 17:32:16 INFO  LoginStepDefinitions:42 - Clearing input 'Password'
2024-08-18 17:32:16 INFO  LoginStepDefinitions:27 - Pressing button 'Login'
2024-08-18 17:32:17 INFO  LoginStepDefinitions:33 - Checking that error message is the same as 'Username is required'
2024-08-18 17:32:17 INFO  Hooks:29 - Screenshot taken for failed scenario: UC-1_Test_Login_Form_with_Empty_Credentials
2024-08-18 17:32:17 INFO  LoginStepDefinitions:21 - Opening home page
2024-08-18 17:32:17 INFO  LoginStepDefinitions:58 - Filling input 'Name'
2024-08-18 17:32:17 INFO  LoginStepDefinitions:64 - Filling input 'Password'
2024-08-18 17:32:17 INFO  LoginStepDefinitions:42 - Clearing input 'Password'
2024-08-18 17:32:17 INFO  LoginStepDefinitions:27 - Pressing button 'Login'
2024-08-18 17:32:17 INFO  LoginStepDefinitions:33 - Checking that error message is the same as 'Password is required'
2024-08-18 17:32:17 INFO  Hooks:29 - Screenshot taken for failed scenario: UC-2_Test_Login_Form_with_credentials_by_passing_Username
2024-08-18 17:32:17 INFO  LoginStepDefinitions:21 - Opening home page
2024-08-18 17:32:17 INFO  LoginStepDefinitions:58 - Filling input 'Name'
2024-08-18 17:32:17 INFO  LoginStepDefinitions:64 - Filling input 'Password'
2024-08-18 17:32:17 INFO  LoginStepDefinitions:42 - Clearing input 'Password'
2024-08-18 17:32:17 INFO  LoginStepDefinitions:27 - Pressing button 'Login'
2024-08-18 17:32:17 INFO  LoginStepDefinitions:33 - Checking that error message is the same as 'Password is required'
2024-08-18 17:32:17 INFO  Hooks:29 - Screenshot taken for failed scenario: UC-2_Test_Login_Form_with_credentials_by_passing_Username
2024-08-18 17:32:17 INFO  LoginStepDefinitions:21 - Opening home page
2024-08-18 17:32:17 INFO  LoginStepDefinitions:58 - Filling input 'Name'
2024-08-18 17:32:18 INFO  LoginStepDefinitions:64 - Filling input 'Password'
2024-08-18 17:32:18 INFO  LoginStepDefinitions:27 - Pressing button 'Login'
2024-08-18 17:32:18 INFO  LoginStepDefinitions:48 - Checking that title is the same as 'Swag Labs'
2024-08-18 17:32:18 INFO  LoginStepDefinitions:21 - Opening home page
2024-08-18 17:32:18 INFO  LoginStepDefinitions:58 - Filling input 'Name'
2024-08-18 17:32:18 INFO  LoginStepDefinitions:64 - Filling input 'Password'
2024-08-18 17:32:18 INFO  LoginStepDefinitions:27 - Pressing button 'Login'
2024-08-18 17:32:23 INFO  LoginStepDefinitions:48 - Checking that title is the same as 'Swag Labs'
2024-08-18 17:32:23 INFO  LoginStepDefinitions:21 - Opening home page
2024-08-18 17:32:23 INFO  LoginStepDefinitions:58 - Filling input 'Name'
2024-08-18 17:32:23 INFO  LoginStepDefinitions:64 - Filling input 'Password'
2024-08-18 17:32:23 INFO  LoginStepDefinitions:27 - Pressing button 'Login'
2024-08-18 17:32:23 INFO  LoginStepDefinitions:48 - Checking that title is the same as 'Swag Labs'
2024-08-18 17:32:23 INFO  LoginStepDefinitions:21 - Opening home page
2024-08-18 17:32:23 INFO  LoginStepDefinitions:58 - Filling input 'Name'
2024-08-18 17:32:23 INFO  LoginStepDefinitions:64 - Filling input 'Password'
2024-08-18 17:32:23 INFO  LoginStepDefinitions:27 - Pressing button 'Login'
2024-08-18 17:32:23 INFO  LoginStepDefinitions:48 - Checking that title is the same as 'Swag Labs'
2024-08-18 17:32:23 INFO  Hooks:36 - Closing WebDriver...
2024-08-18 17:32:23 WARN  WebSocketHandler:142 - onError
java.net.SocketException: Connection reset
	at java.base/sun.nio.ch.SocketChannelImpl.throwConnectionReset(SocketChannelImpl.java:394) ~[?:?]
	at java.base/sun.nio.ch.SocketChannelImpl.read(SocketChannelImpl.java:426) ~[?:?]
	at io.netty.buffer.PooledByteBuf.setBytes(PooledByteBuf.java:254) ~[netty-buffer-4.1.96.Final.jar:4.1.96.Final]
	at io.netty.buffer.AbstractByteBuf.writeBytes(AbstractByteBuf.java:1132) ~[netty-buffer-4.1.96.Final.jar:4.1.96.Final]
	at io.netty.channel.socket.nio.NioSocketChannel.doReadBytes(NioSocketChannel.java:357) ~[netty-transport-4.1.96.Final.jar:4.1.96.Final]
	at io.netty.channel.nio.AbstractNioByteChannel$NioByteUnsafe.read(AbstractNioByteChannel.java:151) [netty-transport-4.1.96.Final.jar:4.1.96.Final]
	at io.netty.channel.nio.NioEventLoop.processSelectedKey(NioEventLoop.java:788) [netty-transport-4.1.96.Final.jar:4.1.96.Final]
	at io.netty.channel.nio.NioEventLoop.processSelectedKeysOptimized(NioEventLoop.java:724) [netty-transport-4.1.96.Final.jar:4.1.96.Final]
	at io.netty.channel.nio.NioEventLoop.processSelectedKeys(NioEventLoop.java:650) [netty-transport-4.1.96.Final.jar:4.1.96.Final]
	at io.netty.channel.nio.NioEventLoop.run(NioEventLoop.java:562) [netty-transport-4.1.96.Final.jar:4.1.96.Final]
	at io.netty.util.concurrent.SingleThreadEventExecutor$4.run(SingleThreadEventExecutor.java:997) [netty-common-4.1.96.Final.jar:4.1.96.Final]
	at io.netty.util.internal.ThreadExecutorMap$2.run(ThreadExecutorMap.java:74) [netty-common-4.1.96.Final.jar:4.1.96.Final]
	at io.netty.util.concurrent.FastThreadLocalRunnable.run(FastThreadLocalRunnable.java:30) [netty-common-4.1.96.Final.jar:4.1.96.Final]
	at java.base/java.lang.Thread.run(Thread.java:833) [?:?]
2024-08-18 17:32:24 INFO  Hooks:38 - WebDriver closed.
